------------------------------------------------------------------------------------------------------------------------

[2021-04-07 12:45:35 #1 store] 
Database 'C:\Users\xabiu\OneDrive\Ordenagailua\2.Iterazioa\2iterazio\src\main\resources\bets.temp' is opened by 23872@LAPTOP-1MIN6PMA

[2021-04-07 12:45:35 #2 type] 
Type domain.Question is not enhanced.

[2021-04-07 12:45:35 #3 type] 
Type domain.Event is not enhanced.

[2021-04-07 12:45:35 #4 type] 
Type domain.Erabiltzailea is not enhanced.

[2021-04-07 12:45:35 #5 type] 
Type domain.Admin is not enhanced.

[2021-04-07 12:45:35 #6 type] 
Type domain.Erregistratua is not enhanced.

[2021-04-07 12:45:35 #7 type] 
Type domain.Pronostikoa is not enhanced.

[2021-04-07 12:45:35 #8 type] 
Type domain.Apustua is not enhanced.

------------------------------------------------------------------------------------------------------------------------

[2021-04-07 12:46:31 #1 store] 
Database 'C:\Users\xabiu\OneDrive\Ordenagailua\2.Iterazioa\2iterazio\src\main\resources\bets.temp' has been recovered (tr. 34-34)

[2021-04-07 12:46:31 #2 store] 
Database 'C:\Users\xabiu\OneDrive\Ordenagailua\2.Iterazioa\2iterazio\src\main\resources\bets.temp' is opened by 28900@LAPTOP-1MIN6PMA

[2021-04-07 12:46:31 #3 type] 
Type domain.Question is not enhanced.

[2021-04-07 12:46:31 #4 type] 
Type domain.Event is not enhanced.

[2021-04-07 12:46:31 #5 type] 
Type domain.Erabiltzailea is not enhanced.

[2021-04-07 12:46:31 #6 type] 
Type domain.Admin is not enhanced.

[2021-04-07 12:46:31 #7 type] 
Type domain.Erregistratua is not enhanced.

[2021-04-07 12:46:31 #8 type] 
Type domain.Pronostikoa is not enhanced.

[2021-04-07 12:46:31 #9 type] 
Type domain.Apustua is not enhanced.

------------------------------------------------------------------------------------------------------------------------

[2021-04-07 12:50:47 #1 store] 
Database 'C:\Users\xabiu\OneDrive\Ordenagailua\2.Iterazioa\2iterazio\src\main\resources\bets.temp' has been recovered (tr. 35-35)

[2021-04-07 12:50:47 #2 store] 
Database 'C:\Users\xabiu\OneDrive\Ordenagailua\2.Iterazioa\2iterazio\src\main\resources\bets.temp' is opened by 30576@LAPTOP-1MIN6PMA

[2021-04-07 12:50:47 #3 type] 
Type domain.Question is not enhanced.

[2021-04-07 12:50:47 #4 type] 
Type domain.Event is not enhanced.

[2021-04-07 12:50:47 #5 type] 
Type domain.Erabiltzailea is not enhanced.

[2021-04-07 12:50:47 #6 type] 
Type domain.Admin is not enhanced.

[2021-04-07 12:50:47 #7 type] 
Type domain.Erregistratua is not enhanced.

[2021-04-07 12:50:47 #8 type] 
Type domain.Pronostikoa is not enhanced.

[2021-04-07 12:50:47 #9 type] 
Type domain.Apustua is not enhanced.

------------------------------------------------------------------------------------------------------------------------

[2021-04-07 12:51:43 #1 store] 
Database 'C:\Users\xabiu\OneDrive\Ordenagailua\2.Iterazioa\2iterazio\src\main\resources\bets.temp' is opened by 27468@LAPTOP-1MIN6PMA

[2021-04-07 12:51:43 #2 type] 
Type domain.Question is not enhanced.

[2021-04-07 12:51:43 #3 type] 
Type domain.Event is not enhanced.

[2021-04-07 12:51:43 #4 type] 
Type domain.Erabiltzailea is not enhanced.

[2021-04-07 12:51:43 #5 type] 
Type domain.Admin is not enhanced.

[2021-04-07 12:51:43 #6 type] 
Type domain.Erregistratua is not enhanced.

[2021-04-07 12:51:43 #7 type] 
Type domain.Pronostikoa is not enhanced.

[2021-04-07 12:51:43 #8 type] 
Type domain.Apustua is not enhanced.

------------------------------------------------------------------------------------------------------------------------

[2021-04-07 12:52:43 #1 store] 
Database 'C:\Users\xabiu\OneDrive\Ordenagailua\2.Iterazioa\2iterazio\src\main\resources\bets.temp' is opened by 26948@LAPTOP-1MIN6PMA

[2021-04-07 12:52:43 #2 type] 
Type domain.Question is not enhanced.

[2021-04-07 12:52:43 #3 type] 
Type domain.Event is not enhanced.

[2021-04-07 12:52:43 #4 type] 
Type domain.Erabiltzailea is not enhanced.

[2021-04-07 12:52:43 #5 type] 
Type domain.Admin is not enhanced.

[2021-04-07 12:52:43 #6 type] 
Type domain.Erregistratua is not enhanced.

[2021-04-07 12:52:43 #7 type] 
Type domain.Pronostikoa is not enhanced.

[2021-04-07 12:52:43 #8 type] 
Type domain.Apustua is not enhanced.

------------------------------------------------------------------------------------------------------------------------

[2021-04-07 12:56:01 #1 store] 
Database 'C:\Users\xabiu\OneDrive\Ordenagailua\2.Iterazioa\2iterazio\src\main\resources\bets.temp' has been recovered (tr. 36-36)

[2021-04-07 12:56:01 #2 store] 
Database 'C:\Users\xabiu\OneDrive\Ordenagailua\2.Iterazioa\2iterazio\src\main\resources\bets.temp' is opened by 10828@LAPTOP-1MIN6PMA

[2021-04-07 12:56:01 #3 type] 
Type domain.Question is not enhanced.

[2021-04-07 12:56:01 #4 type] 
Type domain.Event is not enhanced.

[2021-04-07 12:56:01 #5 type] 
Type domain.Erabiltzailea is not enhanced.

[2021-04-07 12:56:01 #6 type] 
Type domain.Admin is not enhanced.

[2021-04-07 12:56:01 #7 type] 
Type domain.Erregistratua is not enhanced.

[2021-04-07 12:56:01 #8 type] 
Type domain.Pronostikoa is not enhanced.

[2021-04-07 12:56:01 #9 type] 
Type domain.Apustua is not enhanced.

------------------------------------------------------------------------------------------------------------------------

[2021-04-07 12:57:33 #1 store] 
Database 'C:\Users\xabiu\OneDrive\Ordenagailua\2.Iterazioa\2iterazio\src\main\resources\bets.temp' is opened by 17028@LAPTOP-1MIN6PMA

[2021-04-07 12:57:33 #2 type] 
Type domain.Question is not enhanced.

[2021-04-07 12:57:33 #3 type] 
Type domain.Event is not enhanced.

[2021-04-07 12:57:33 #4 type] 
Type domain.Erabiltzailea is not enhanced.

[2021-04-07 12:57:33 #5 type] 
Type domain.Admin is not enhanced.

[2021-04-07 12:57:33 #6 type] 
Type domain.Erregistratua is not enhanced.

[2021-04-07 12:57:33 #7 type] 
Type domain.Pronostikoa is not enhanced.

[2021-04-07 12:57:33 #8 type] 
Type domain.Apustua is not enhanced.

------------------------------------------------------------------------------------------------------------------------

[2021-04-07 13:00:14 #1 store] 
Database 'C:\Users\xabiu\OneDrive\Ordenagailua\2.Iterazioa\2iterazio\src\main\resources\bets.temp' is opened by 24168@LAPTOP-1MIN6PMA

[2021-04-07 13:00:15 #2 type] 
Type domain.Question is not enhanced.

[2021-04-07 13:00:15 #3 type] 
Type domain.Event is not enhanced.

[2021-04-07 13:00:15 #4 type] 
Type domain.Erabiltzailea is not enhanced.

[2021-04-07 13:00:15 #5 type] 
Type domain.Admin is not enhanced.

[2021-04-07 13:00:15 #6 type] 
Type domain.Erregistratua is not enhanced.

[2021-04-07 13:00:15 #7 type] 
Type domain.Pronostikoa is not enhanced.

[2021-04-07 13:00:15 #8 type] 
Type domain.Apustua is not enhanced.

------------------------------------------------------------------------------------------------------------------------

[2021-04-07 13:07:54 #1 store] 
Database 'C:\Users\xabiu\OneDrive\Ordenagailua\2.Iterazioa\2iterazio\src\main\resources\bets.temp' has been recovered (tr. 37-38)

[2021-04-07 13:07:54 #2 store] 
Database 'C:\Users\xabiu\OneDrive\Ordenagailua\2.Iterazioa\2iterazio\src\main\resources\bets.temp' is opened by 21744@LAPTOP-1MIN6PMA

[2021-04-07 13:07:54 #3 type] 
Type domain.Question is not enhanced.

[2021-04-07 13:07:54 #4 type] 
Type domain.Event is not enhanced.

[2021-04-07 13:07:54 #5 type] 
Type domain.Erabiltzailea is not enhanced.

[2021-04-07 13:07:54 #6 type] 
Type domain.Admin is not enhanced.

[2021-04-07 13:07:54 #7 type] 
Type domain.Erregistratua is not enhanced.

[2021-04-07 13:07:54 #8 type] 
Type domain.Pronostikoa is not enhanced.

[2021-04-07 13:07:54 #9 type] 
Type domain.Apustua is not enhanced.

------------------------------------------------------------------------------------------------------------------------

[2021-04-07 13:11:17 #1 store] 
Database 'C:\Users\xabiu\OneDrive\Ordenagailua\2.Iterazioa\2iterazio\src\main\resources\bets.temp' has been recovered (tr. 39-40)

[2021-04-07 13:11:17 #2 store] 
Database 'C:\Users\xabiu\OneDrive\Ordenagailua\2.Iterazioa\2iterazio\src\main\resources\bets.temp' is opened by 24812@LAPTOP-1MIN6PMA

[2021-04-07 13:11:18 #3 type] 
Type domain.Question is not enhanced.

[2021-04-07 13:11:18 #4 type] 
Type domain.Event is not enhanced.

[2021-04-07 13:11:18 #5 type] 
Type domain.Erabiltzailea is not enhanced.

[2021-04-07 13:11:18 #6 type] 
Type domain.Admin is not enhanced.

[2021-04-07 13:11:18 #7 type] 
Type domain.Erregistratua is not enhanced.

[2021-04-07 13:11:18 #8 type] 
Type domain.Pronostikoa is not enhanced.

[2021-04-07 13:11:18 #9 type] 
Type domain.Apustua is not enhanced.

------------------------------------------------------------------------------------------------------------------------

[2021-04-07 13:14:48 #1 store] 
Database 'C:\Users\xabiu\OneDrive\Ordenagailua\2.Iterazioa\2iterazio\src\main\resources\bets.temp' is opened by 7664@LAPTOP-1MIN6PMA

[2021-04-07 13:14:48 #2 type] 
Type domain.Question is not enhanced.

[2021-04-07 13:14:48 #3 type] 
Type domain.Event is not enhanced.

[2021-04-07 13:14:48 #4 type] 
Type domain.Erabiltzailea is not enhanced.

[2021-04-07 13:14:48 #5 type] 
Type domain.Admin is not enhanced.

[2021-04-07 13:14:48 #6 type] 
Type domain.Erregistratua is not enhanced.

[2021-04-07 13:14:48 #7 type] 
Type domain.Pronostikoa is not enhanced.

[2021-04-07 13:14:48 #8 type] 
Type domain.Apustua is not enhanced.

------------------------------------------------------------------------------------------------------------------------

[2021-04-07 13:18:58 #1 store] 
Database 'C:\Users\xabiu\OneDrive\Ordenagailua\2.Iterazioa\2iterazio\src\main\resources\bets.temp' is opened by 31660@LAPTOP-1MIN6PMA

[2021-04-07 13:18:58 #2 type] 
Type domain.Question is not enhanced.

[2021-04-07 13:18:58 #3 type] 
Type domain.Event is not enhanced.

[2021-04-07 13:18:58 #4 type] 
Type domain.Erabiltzailea is not enhanced.

[2021-04-07 13:18:58 #5 type] 
Type domain.Admin is not enhanced.

[2021-04-07 13:18:58 #6 type] 
Type domain.Erregistratua is not enhanced.

[2021-04-07 13:18:58 #7 type] 
Type domain.Pronostikoa is not enhanced.

[2021-04-07 13:18:58 #8 type] 
Type domain.Apustua is not enhanced.

------------------------------------------------------------------------------------------------------------------------

[2021-04-07 13:24:52 #1 store] 
Database 'C:\Users\xabiu\OneDrive\Ordenagailua\2.Iterazioa\2iterazio\src\main\resources\bets.temp' is opened by 30948@LAPTOP-1MIN6PMA

[2021-04-07 13:24:52 #2 type] 
Type domain.Question is not enhanced.

[2021-04-07 13:24:52 #3 type] 
Type domain.Event is not enhanced.

[2021-04-07 13:24:52 #4 type] 
Type domain.Erabiltzailea is not enhanced.

[2021-04-07 13:24:52 #5 type] 
Type domain.Admin is not enhanced.

[2021-04-07 13:24:52 #6 type] 
Type domain.Erregistratua is not enhanced.

[2021-04-07 13:24:52 #7 type] 
Type domain.Pronostikoa is not enhanced.

[2021-04-07 13:24:52 #8 type] 
Type domain.Apustua is not enhanced.

------------------------------------------------------------------------------------------------------------------------

[2021-04-07 13:26:09 #1 store] 
Database 'C:\Users\xabiu\OneDrive\Ordenagailua\2.Iterazioa\2iterazio\src\main\resources\bets.temp' is opened by 23116@LAPTOP-1MIN6PMA

[2021-04-07 13:26:09 #2 type] 
Type domain.Question is not enhanced.

[2021-04-07 13:26:09 #3 type] 
Type domain.Event is not enhanced.

[2021-04-07 13:26:09 #4 type] 
Type domain.Erabiltzailea is not enhanced.

[2021-04-07 13:26:09 #5 type] 
Type domain.Admin is not enhanced.

[2021-04-07 13:26:10 #6 type] 
Type domain.Erregistratua is not enhanced.

[2021-04-07 13:26:10 #7 type] 
Type domain.Pronostikoa is not enhanced.

[2021-04-07 13:26:10 #8 type] 
Type domain.Apustua is not enhanced.

------------------------------------------------------------------------------------------------------------------------

[2021-04-07 13:30:19 #1 store] 
Database 'C:\Users\xabiu\OneDrive\Ordenagailua\2.Iterazioa\2iterazio\src\main\resources\bets.temp' is opened by 15064@LAPTOP-1MIN6PMA

[2021-04-07 13:30:19 #2 type] 
Type domain.Question is not enhanced.

[2021-04-07 13:30:19 #3 type] 
Type domain.Event is not enhanced.

[2021-04-07 13:30:19 #4 type] 
Type domain.Erabiltzailea is not enhanced.

[2021-04-07 13:30:19 #5 type] 
Type domain.Admin is not enhanced.

[2021-04-07 13:30:19 #6 type] 
Type domain.Erregistratua is not enhanced.

[2021-04-07 13:30:19 #7 type] 
Type domain.Pronostikoa is not enhanced.

[2021-04-07 13:30:19 #8 type] 
Type domain.Apustua is not enhanced.

------------------------------------------------------------------------------------------------------------------------

[2021-04-07 13:38:14 #1 store] 
Database 'C:\Users\xabiu\OneDrive\Ordenagailua\2.Iterazioa\2iterazio\src\main\resources\bets.temp' is opened by 12336@LAPTOP-1MIN6PMA

[2021-04-07 13:38:15 #2 type] 
Type domain.Question is not enhanced.

[2021-04-07 13:38:15 #3 type] 
Type domain.Event is not enhanced.

[2021-04-07 13:38:15 #4 type] 
Type domain.Erabiltzailea is not enhanced.

[2021-04-07 13:38:15 #5 type] 
Type domain.Admin is not enhanced.

[2021-04-07 13:38:15 #6 type] 
Type domain.Erregistratua is not enhanced.

[2021-04-07 13:38:15 #7 type] 
Type domain.Pronostikoa is not enhanced.

[2021-04-07 13:38:15 #8 type] 
Type domain.Apustua is not enhanced.

------------------------------------------------------------------------------------------------------------------------

[2021-04-07 13:42:07 #1 store] 
Database 'C:\Users\xabiu\OneDrive\Ordenagailua\2.Iterazioa\2iterazio\src\main\resources\bets.temp' has been recovered (tr. 47-48)

[2021-04-07 13:42:07 #2 store] 
Database 'C:\Users\xabiu\OneDrive\Ordenagailua\2.Iterazioa\2iterazio\src\main\resources\bets.temp' is opened by 22872@LAPTOP-1MIN6PMA

[2021-04-07 13:42:07 #3 type] 
Type domain.Question is not enhanced.

[2021-04-07 13:42:07 #4 type] 
Type domain.Event is not enhanced.

[2021-04-07 13:42:07 #5 type] 
Type domain.Erabiltzailea is not enhanced.

[2021-04-07 13:42:07 #6 type] 
Type domain.Admin is not enhanced.

[2021-04-07 13:42:07 #7 type] 
Type domain.Erregistratua is not enhanced.

[2021-04-07 13:42:07 #8 type] 
Type domain.Pronostikoa is not enhanced.

[2021-04-07 13:42:07 #9 type] 
Type domain.Apustua is not enhanced.

------------------------------------------------------------------------------------------------------------------------

[2021-04-07 13:43:14 #1 store] 
Database 'C:\Users\xabiu\OneDrive\Ordenagailua\2.Iterazioa\2iterazio\src\main\resources\bets.temp' is opened by 2656@LAPTOP-1MIN6PMA

[2021-04-07 13:43:14 #2 type] 
Type domain.Question is not enhanced.

[2021-04-07 13:43:14 #3 type] 
Type domain.Event is not enhanced.

[2021-04-07 13:43:14 #4 type] 
Type domain.Erabiltzailea is not enhanced.

[2021-04-07 13:43:14 #5 type] 
Type domain.Admin is not enhanced.

[2021-04-07 13:43:14 #6 type] 
Type domain.Erregistratua is not enhanced.

[2021-04-07 13:43:14 #7 type] 
Type domain.Pronostikoa is not enhanced.

[2021-04-07 13:43:14 #8 type] 
Type domain.Apustua is not enhanced.

------------------------------------------------------------------------------------------------------------------------

[2021-04-07 13:58:40 #1 store] 
Database 'C:\Users\xabiu\OneDrive\Ordenagailua\2.Iterazioa\2iterazio\src\main\resources\bets.temp' is opened by 17944@LAPTOP-1MIN6PMA

[2021-04-07 13:58:40 #2 type] 
Type domain.Question is not enhanced.

[2021-04-07 13:58:40 #3 type] 
Type domain.Event is not enhanced.

[2021-04-07 13:58:40 #4 type] 
Type domain.Erabiltzailea is not enhanced.

[2021-04-07 13:58:40 #5 type] 
Type domain.Admin is not enhanced.

[2021-04-07 13:58:40 #6 type] 
Type domain.Erregistratua is not enhanced.

[2021-04-07 13:58:40 #7 type] 
Type domain.Pronostikoa is not enhanced.

[2021-04-07 13:58:40 #8 type] 
Type domain.Apustua is not enhanced.

------------------------------------------------------------------------------------------------------------------------

[2021-04-07 14:01:01 #1 store] 
Database 'C:\Users\xabiu\OneDrive\Ordenagailua\2.Iterazioa\2iterazio\src\main\resources\bets.temp' has been recovered (tr. 51-52)

[2021-04-07 14:01:01 #2 store] 
Database 'C:\Users\xabiu\OneDrive\Ordenagailua\2.Iterazioa\2iterazio\src\main\resources\bets.temp' is opened by 29020@LAPTOP-1MIN6PMA

[2021-04-07 14:01:01 #3 type] 
Type domain.Question is not enhanced.

[2021-04-07 14:01:01 #4 type] 
Type domain.Event is not enhanced.

[2021-04-07 14:01:01 #5 type] 
Type domain.Erabiltzailea is not enhanced.

[2021-04-07 14:01:01 #6 type] 
Type domain.Admin is not enhanced.

[2021-04-07 14:01:01 #7 type] 
Type domain.Erregistratua is not enhanced.

[2021-04-07 14:01:01 #8 type] 
Type domain.Pronostikoa is not enhanced.

[2021-04-07 14:01:01 #9 type] 
Type domain.Apustua is not enhanced.

------------------------------------------------------------------------------------------------------------------------

[2021-04-07 14:01:07 #1 store] 
Database 'C:\Users\xabiu\OneDrive\Ordenagailua\2.Iterazioa\2iterazio\src\main\resources\bets.temp' is opened by 13512@LAPTOP-1MIN6PMA

[2021-04-07 14:01:08 #2 type] 
Type domain.Question is not enhanced.

[2021-04-07 14:01:08 #3 type] 
Type domain.Event is not enhanced.

[2021-04-07 14:01:08 #4 type] 
Type domain.Erabiltzailea is not enhanced.

[2021-04-07 14:01:08 #5 type] 
Type domain.Admin is not enhanced.

[2021-04-07 14:01:08 #6 type] 
Type domain.Erregistratua is not enhanced.

[2021-04-07 14:01:08 #7 type] 
Type domain.Pronostikoa is not enhanced.

[2021-04-07 14:01:08 #8 type] 
Type domain.Apustua is not enhanced.

