------------------------------------------------------------------------------------------------------------------------

[2021-05-11 00:06:15 #1 store] 
Database 'C:\Users\Mikel\Desktop\UPV\SI\3.Iterazioa-main\src\main\resources\bets.temp' is opened by 10612@MIKELPC

[2021-05-11 00:06:15 #2 type.registry] 
New type domain.Question

[2021-05-11 00:06:15 #3 type] 
Type domain.Question is not enhanced.

[2021-05-11 00:06:15 #4 type.registry] 
New type domain.Pronostikoa

[2021-05-11 00:06:15 #5 type.registry] 
New type java.util.Vector<domain.Pronostikoa>

[2021-05-11 00:06:15 #6 type.registry] 
New type domain.Event

[2021-05-11 00:06:15 #7 type] 
Type domain.Pronostikoa is not enhanced.

[2021-05-11 00:06:15 #8 type.registry] 
New type domain.ApostuAnitza

[2021-05-11 00:06:15 #9 type.registry] 
New type java.util.Vector<domain.ApostuAnitza>

[2021-05-11 00:06:15 #10 type.registry] 
New type domain.Apustua

[2021-05-11 00:06:15 #11 type.registry] 
New type java.util.Vector<domain.Apustua>

[2021-05-11 00:06:15 #12 type] 
Type domain.Event is not enhanced.

[2021-05-11 00:06:15 #13 type.registry] 
New type java.util.Vector<domain.Question>

[2021-05-11 00:06:15 #14 type] 
Type domain.ApostuAnitza is not enhanced.

[2021-05-11 00:06:15 #15 type.registry] 
New type java.util.ArrayList<domain.Pronostikoa>

[2021-05-11 00:06:15 #16 type] 
Type domain.Apustua is not enhanced.

[2021-05-11 00:06:15 #17 type.registry] 
New type java.util.Vector<java.lang.Object>

[2021-05-11 00:06:25 #18 type.registry] 
New type domain.Erabiltzailea

[2021-05-11 00:06:25 #19 type] 
Type domain.Erabiltzailea is not enhanced.

[2021-05-11 00:06:25 #20 type.registry] 
New type domain.Admin

[2021-05-11 00:06:25 #21 type] 
Type domain.Admin is not enhanced.

[2021-05-11 00:06:42 #22 type.registry] 
New type domain.Erregistratua

[2021-05-11 00:06:42 #23 type] 
Type domain.Erregistratua is not enhanced.

[2021-05-11 00:06:42 #24 type.registry] 
New type java.util.ArrayList<domain.Erregistratua>

------------------------------------------------------------------------------------------------------------------------

[2021-05-11 00:07:47 #1 store] 
Database 'C:\Users\Mikel\Desktop\UPV\SI\3.Iterazioa-main\src\main\resources\bets.temp' is opened by 15272@MIKELPC

[2021-05-11 00:07:47 #2 type.registry] 
New type domain.Question

[2021-05-11 00:07:47 #3 type] 
Type domain.Question is not enhanced.

[2021-05-11 00:07:47 #4 type.registry] 
New type domain.Pronostikoa

[2021-05-11 00:07:47 #5 type.registry] 
New type java.util.Vector<domain.Pronostikoa>

[2021-05-11 00:07:47 #6 type.registry] 
New type domain.Event

[2021-05-11 00:07:47 #7 type] 
Type domain.Pronostikoa is not enhanced.

[2021-05-11 00:07:47 #8 type.registry] 
New type domain.ApostuAnitza

[2021-05-11 00:07:47 #9 type.registry] 
New type java.util.Vector<domain.ApostuAnitza>

[2021-05-11 00:07:47 #10 type.registry] 
New type domain.Apustua

[2021-05-11 00:07:47 #11 type.registry] 
New type java.util.Vector<domain.Apustua>

[2021-05-11 00:07:47 #12 type] 
Type domain.Event is not enhanced.

[2021-05-11 00:07:47 #13 type.registry] 
New type java.util.Vector<domain.Question>

[2021-05-11 00:07:47 #14 type] 
Type domain.ApostuAnitza is not enhanced.

[2021-05-11 00:07:47 #15 type.registry] 
New type java.util.ArrayList<domain.Pronostikoa>

[2021-05-11 00:07:47 #16 type] 
Type domain.Apustua is not enhanced.

[2021-05-11 00:07:47 #17 type.registry] 
New type java.util.Vector<java.lang.Object>

------------------------------------------------------------------------------------------------------------------------

[2021-05-11 00:09:01 #1 store] 
Database 'C:\Users\Mikel\Desktop\UPV\SI\3.Iterazioa-main\src\main\resources\bets.temp' has been recovered (tr. 1-5)

[2021-05-11 00:09:01 #2 store] 
Database 'C:\Users\Mikel\Desktop\UPV\SI\3.Iterazioa-main\src\main\resources\bets.temp' is opened by 15472@MIKELPC

[2021-05-11 00:09:01 #3 type] 
Type domain.Question is not enhanced.

[2021-05-11 00:09:01 #4 type] 
Type domain.Pronostikoa is not enhanced.

[2021-05-11 00:09:01 #5 type] 
Type domain.Event is not enhanced.

[2021-05-11 00:09:01 #6 type] 
Type domain.ApostuAnitza is not enhanced.

[2021-05-11 00:09:01 #7 type] 
Type domain.Apustua is not enhanced.

[2021-05-11 00:09:01 #8 type.registry] 
New type domain.Erabiltzailea

[2021-05-11 00:09:01 #9 type] 
Type domain.Erabiltzailea is not enhanced.

------------------------------------------------------------------------------------------------------------------------

[2021-05-11 00:09:47 #1 store] 
Database 'C:\Users\Mikel\Desktop\UPV\SI\3.Iterazioa-main\src\main\resources\bets.temp' has been recovered (tr. 6-6)

[2021-05-11 00:09:47 #2 store] 
Database 'C:\Users\Mikel\Desktop\UPV\SI\3.Iterazioa-main\src\main\resources\bets.temp' is opened by 18232@MIKELPC

[2021-05-11 00:09:47 #3 type] 
Type domain.Question is not enhanced.

[2021-05-11 00:09:47 #4 type] 
Type domain.Pronostikoa is not enhanced.

[2021-05-11 00:09:47 #5 type] 
Type domain.Event is not enhanced.

[2021-05-11 00:09:47 #6 type] 
Type domain.ApostuAnitza is not enhanced.

[2021-05-11 00:09:47 #7 type] 
Type domain.Apustua is not enhanced.

[2021-05-11 00:09:47 #8 type] 
Type domain.Erabiltzailea is not enhanced.

------------------------------------------------------------------------------------------------------------------------

[2021-05-11 00:11:07 #1 store] 
Database 'C:\Users\Mikel\Desktop\UPV\SI\3.Iterazioa-main\src\main\resources\bets.temp' is opened by 17024@MIKELPC

[2021-05-11 00:11:07 #2 type] 
Type domain.Question is not enhanced.

[2021-05-11 00:11:07 #3 type] 
Type domain.Pronostikoa is not enhanced.

[2021-05-11 00:11:07 #4 type] 
Type domain.Event is not enhanced.

[2021-05-11 00:11:07 #5 type] 
Type domain.ApostuAnitza is not enhanced.

[2021-05-11 00:11:07 #6 type] 
Type domain.Apustua is not enhanced.

[2021-05-11 00:11:07 #7 type] 
Type domain.Erabiltzailea is not enhanced.

------------------------------------------------------------------------------------------------------------------------

[2021-05-11 00:13:28 #1 store] 
Database 'C:\Users\Mikel\Desktop\UPV\SI\3.Iterazioa-main\src\main\resources\bets.temp' is opened by 17880@MIKELPC

[2021-05-11 00:13:28 #2 type] 
Type domain.Question is not enhanced.

[2021-05-11 00:13:28 #3 type] 
Type domain.Pronostikoa is not enhanced.

[2021-05-11 00:13:28 #4 type] 
Type domain.Event is not enhanced.

[2021-05-11 00:13:28 #5 type] 
Type domain.ApostuAnitza is not enhanced.

[2021-05-11 00:13:28 #6 type] 
Type domain.Apustua is not enhanced.

[2021-05-11 00:13:28 #7 type] 
Type domain.Erabiltzailea is not enhanced.

------------------------------------------------------------------------------------------------------------------------

[2021-05-11 00:15:39 #1 store] 
Database 'C:\Users\Mikel\Desktop\UPV\SI\3.Iterazioa-main\src\main\resources\bets.temp' is opened by 1844@MIKELPC

[2021-05-11 00:15:39 #2 type] 
Type domain.Question is not enhanced.

[2021-05-11 00:15:39 #3 type] 
Type domain.Pronostikoa is not enhanced.

[2021-05-11 00:15:39 #4 type] 
Type domain.Event is not enhanced.

[2021-05-11 00:15:39 #5 type] 
Type domain.ApostuAnitza is not enhanced.

[2021-05-11 00:15:39 #6 type] 
Type domain.Apustua is not enhanced.

[2021-05-11 00:15:39 #7 type] 
Type domain.Erabiltzailea is not enhanced.

[2021-05-11 00:15:39 #8 type.registry] 
New type domain.Admin

[2021-05-11 00:15:39 #9 type] 
Type domain.Admin is not enhanced.

------------------------------------------------------------------------------------------------------------------------

[2021-05-11 00:16:10 #1 store] 
Database 'C:\Users\Mikel\Desktop\UPV\SI\3.Iterazioa-main\src\main\resources\bets.temp' has been recovered (tr. 7-8)

[2021-05-11 00:16:10 #2 store] 
Database 'C:\Users\Mikel\Desktop\UPV\SI\3.Iterazioa-main\src\main\resources\bets.temp' is opened by 7952@MIKELPC

[2021-05-11 00:16:10 #3 type] 
Type domain.Question is not enhanced.

[2021-05-11 00:16:10 #4 type] 
Type domain.Pronostikoa is not enhanced.

[2021-05-11 00:16:10 #5 type] 
Type domain.Event is not enhanced.

[2021-05-11 00:16:10 #6 type] 
Type domain.ApostuAnitza is not enhanced.

[2021-05-11 00:16:10 #7 type] 
Type domain.Apustua is not enhanced.

[2021-05-11 00:16:10 #8 type] 
Type domain.Erabiltzailea is not enhanced.

[2021-05-11 00:16:10 #9 type] 
Type domain.Admin is not enhanced.

[2021-05-11 00:16:19 #10 type.registry] 
New type domain.Erregistratua

[2021-05-11 00:16:19 #11 type] 
Type domain.Erregistratua is not enhanced.

[2021-05-11 00:16:19 #12 type.registry] 
New type java.util.ArrayList<domain.Erregistratua>

------------------------------------------------------------------------------------------------------------------------

[2021-05-11 00:22:35 #1 store] 
Database 'C:\Users\Mikel\Desktop\UPV\SI\3.Iterazioa-main\src\main\resources\bets.temp' has been recovered (tr. 9-10)

[2021-05-11 00:22:35 #2 store] 
Database 'C:\Users\Mikel\Desktop\UPV\SI\3.Iterazioa-main\src\main\resources\bets.temp' is opened by 17704@MIKELPC

[2021-05-11 00:22:35 #3 type] 
Type domain.Question is not enhanced.

[2021-05-11 00:22:35 #4 type] 
Type domain.Pronostikoa is not enhanced.

[2021-05-11 00:22:35 #5 type] 
Type domain.Event is not enhanced.

[2021-05-11 00:22:35 #6 type] 
Type domain.ApostuAnitza is not enhanced.

[2021-05-11 00:22:35 #7 type] 
Type domain.Apustua is not enhanced.

[2021-05-11 00:22:35 #8 type] 
Type domain.Erabiltzailea is not enhanced.

[2021-05-11 00:22:35 #9 type] 
Type domain.Admin is not enhanced.

[2021-05-11 00:22:35 #10 type] 
Type domain.Erregistratua is not enhanced.

------------------------------------------------------------------------------------------------------------------------

[2021-05-11 00:23:44 #1 store] 
Database 'C:\Users\Mikel\Desktop\UPV\SI\3.Iterazioa-main\src\main\resources\bets.temp' has been recovered (tr. 11-11)

[2021-05-11 00:23:44 #2 store] 
Database 'C:\Users\Mikel\Desktop\UPV\SI\3.Iterazioa-main\src\main\resources\bets.temp' is opened by 6156@MIKELPC

[2021-05-11 00:23:44 #3 type] 
Type domain.Question is not enhanced.

[2021-05-11 00:23:44 #4 type] 
Type domain.Pronostikoa is not enhanced.

[2021-05-11 00:23:44 #5 type] 
Type domain.Event is not enhanced.

[2021-05-11 00:23:44 #6 type] 
Type domain.ApostuAnitza is not enhanced.

[2021-05-11 00:23:44 #7 type] 
Type domain.Apustua is not enhanced.

[2021-05-11 00:23:44 #8 type] 
Type domain.Erabiltzailea is not enhanced.

[2021-05-11 00:23:44 #9 type] 
Type domain.Admin is not enhanced.

[2021-05-11 00:23:44 #10 type] 
Type domain.Erregistratua is not enhanced.

------------------------------------------------------------------------------------------------------------------------

[2021-05-11 00:25:56 #1 store] 
Database 'C:\Users\Mikel\Desktop\UPV\SI\3.Iterazioa-main\src\main\resources\bets.temp' is opened by 15784@MIKELPC

[2021-05-11 00:25:56 #2 type] 
Type domain.Question is not enhanced.

[2021-05-11 00:25:56 #3 type] 
Type domain.Pronostikoa is not enhanced.

[2021-05-11 00:25:56 #4 type] 
Type domain.Event is not enhanced.

[2021-05-11 00:25:56 #5 type] 
Type domain.ApostuAnitza is not enhanced.

[2021-05-11 00:25:56 #6 type] 
Type domain.Apustua is not enhanced.

[2021-05-11 00:25:56 #7 type] 
Type domain.Erabiltzailea is not enhanced.

[2021-05-11 00:25:56 #8 type] 
Type domain.Admin is not enhanced.

[2021-05-11 00:25:56 #9 type] 
Type domain.Erregistratua is not enhanced.

------------------------------------------------------------------------------------------------------------------------

[2021-05-11 00:27:19 #1 store] 
Database 'C:\Users\Mikel\Desktop\UPV\SI\3.Iterazioa-main\src\main\resources\bets.temp' is opened by 1556@MIKELPC

[2021-05-11 00:27:20 #2 type] 
Type domain.Question is not enhanced.

[2021-05-11 00:27:20 #3 type] 
Type domain.Pronostikoa is not enhanced.

[2021-05-11 00:27:20 #4 type] 
Type domain.Event is not enhanced.

[2021-05-11 00:27:20 #5 type] 
Type domain.ApostuAnitza is not enhanced.

[2021-05-11 00:27:20 #6 type] 
Type domain.Apustua is not enhanced.

[2021-05-11 00:27:20 #7 type] 
Type domain.Erabiltzailea is not enhanced.

[2021-05-11 00:27:20 #8 type] 
Type domain.Admin is not enhanced.

[2021-05-11 00:27:20 #9 type] 
Type domain.Erregistratua is not enhanced.

------------------------------------------------------------------------------------------------------------------------

[2021-05-11 00:28:01 #1 store] 
Database 'C:\Users\Mikel\Desktop\UPV\SI\3.Iterazioa-main\src\main\resources\bets.temp' is opened by 9668@MIKELPC

[2021-05-11 00:28:01 #2 type] 
Type domain.Question is not enhanced.

[2021-05-11 00:28:01 #3 type] 
Type domain.Pronostikoa is not enhanced.

[2021-05-11 00:28:01 #4 type] 
Type domain.Event is not enhanced.

[2021-05-11 00:28:01 #5 type] 
Type domain.ApostuAnitza is not enhanced.

[2021-05-11 00:28:01 #6 type] 
Type domain.Apustua is not enhanced.

[2021-05-11 00:28:01 #7 type] 
Type domain.Erabiltzailea is not enhanced.

[2021-05-11 00:28:01 #8 type] 
Type domain.Admin is not enhanced.

[2021-05-11 00:28:01 #9 type] 
Type domain.Erregistratua is not enhanced.

------------------------------------------------------------------------------------------------------------------------

[2021-05-11 00:28:47 #1 store] 
Database 'C:\Users\Mikel\Desktop\UPV\SI\3.Iterazioa-main\src\main\resources\bets.temp' is opened by 11568@MIKELPC

[2021-05-11 00:28:48 #2 type] 
Type domain.Question is not enhanced.

[2021-05-11 00:28:48 #3 type] 
Type domain.Pronostikoa is not enhanced.

[2021-05-11 00:28:48 #4 type] 
Type domain.Event is not enhanced.

[2021-05-11 00:28:48 #5 type] 
Type domain.ApostuAnitza is not enhanced.

[2021-05-11 00:28:48 #6 type] 
Type domain.Apustua is not enhanced.

[2021-05-11 00:28:48 #7 type] 
Type domain.Erabiltzailea is not enhanced.

[2021-05-11 00:28:48 #8 type] 
Type domain.Admin is not enhanced.

[2021-05-11 00:28:48 #9 type] 
Type domain.Erregistratua is not enhanced.

------------------------------------------------------------------------------------------------------------------------

[2021-05-11 00:30:18 #1 store] 
Database 'C:\Users\Mikel\Desktop\UPV\SI\3.Iterazioa-main\src\main\resources\bets.temp' has been recovered (tr. 12-12)

[2021-05-11 00:30:18 #2 store] 
Database 'C:\Users\Mikel\Desktop\UPV\SI\3.Iterazioa-main\src\main\resources\bets.temp' is opened by 7800@MIKELPC

[2021-05-11 00:30:18 #3 type] 
Type domain.Question is not enhanced.

[2021-05-11 00:30:18 #4 type] 
Type domain.Pronostikoa is not enhanced.

[2021-05-11 00:30:18 #5 type] 
Type domain.Event is not enhanced.

[2021-05-11 00:30:18 #6 type] 
Type domain.ApostuAnitza is not enhanced.

[2021-05-11 00:30:18 #7 type] 
Type domain.Apustua is not enhanced.

[2021-05-11 00:30:18 #8 type] 
Type domain.Erabiltzailea is not enhanced.

[2021-05-11 00:30:18 #9 type] 
Type domain.Admin is not enhanced.

[2021-05-11 00:30:18 #10 type] 
Type domain.Erregistratua is not enhanced.

------------------------------------------------------------------------------------------------------------------------

[2021-05-11 00:33:52 #1 store] 
Database 'C:\Users\Mikel\Desktop\UPV\SI\3.Iterazioa-main\src\main\resources\bets.temp' is opened by 16440@MIKELPC

[2021-05-11 00:33:52 #2 type] 
Type domain.Question is not enhanced.

[2021-05-11 00:33:52 #3 type] 
Type domain.Pronostikoa is not enhanced.

[2021-05-11 00:33:52 #4 type] 
Type domain.Event is not enhanced.

[2021-05-11 00:33:52 #5 type] 
Type domain.ApostuAnitza is not enhanced.

[2021-05-11 00:33:52 #6 type] 
Type domain.Apustua is not enhanced.

[2021-05-11 00:33:52 #7 type] 
Type domain.Erabiltzailea is not enhanced.

[2021-05-11 00:33:52 #8 type] 
Type domain.Admin is not enhanced.

[2021-05-11 00:33:52 #9 type] 
Type domain.Erregistratua is not enhanced.

------------------------------------------------------------------------------------------------------------------------

[2021-05-11 00:33:57 #1 store] 
Database 'C:\Users\Mikel\Desktop\UPV\SI\3.Iterazioa-main\src\main\resources\bets.temp' is opened by 18384@MIKELPC

[2021-05-11 00:33:57 #2 type] 
Type domain.Question is not enhanced.

[2021-05-11 00:33:57 #3 type] 
Type domain.Pronostikoa is not enhanced.

[2021-05-11 00:33:57 #4 type] 
Type domain.Event is not enhanced.

[2021-05-11 00:33:57 #5 type] 
Type domain.ApostuAnitza is not enhanced.

[2021-05-11 00:33:57 #6 type] 
Type domain.Apustua is not enhanced.

[2021-05-11 00:33:57 #7 type] 
Type domain.Erabiltzailea is not enhanced.

[2021-05-11 00:33:57 #8 type] 
Type domain.Admin is not enhanced.

[2021-05-11 00:33:57 #9 type] 
Type domain.Erregistratua is not enhanced.

------------------------------------------------------------------------------------------------------------------------

[2021-05-11 00:35:06 #1 store] 
Database 'C:\Users\Mikel\Desktop\UPV\SI\3.Iterazioa-main\src\main\resources\bets.temp' is opened by 8520@MIKELPC

[2021-05-11 00:35:06 #2 type] 
Type domain.Question is not enhanced.

[2021-05-11 00:35:06 #3 type] 
Type domain.Pronostikoa is not enhanced.

[2021-05-11 00:35:06 #4 type] 
Type domain.Event is not enhanced.

[2021-05-11 00:35:06 #5 type] 
Type domain.ApostuAnitza is not enhanced.

[2021-05-11 00:35:06 #6 type] 
Type domain.Apustua is not enhanced.

[2021-05-11 00:35:06 #7 type] 
Type domain.Erabiltzailea is not enhanced.

[2021-05-11 00:35:06 #8 type] 
Type domain.Admin is not enhanced.

[2021-05-11 00:35:06 #9 type] 
Type domain.Erregistratua is not enhanced.

------------------------------------------------------------------------------------------------------------------------

[2021-05-11 00:38:37 #1 store] 
Database 'C:\Users\Mikel\Desktop\UPV\SI\3.Iterazioa-main\src\main\resources\bets.temp' has been recovered (tr. 13-13)

[2021-05-11 00:38:37 #2 store] 
Database 'C:\Users\Mikel\Desktop\UPV\SI\3.Iterazioa-main\src\main\resources\bets.temp' is opened by 9200@MIKELPC

[2021-05-11 00:38:37 #3 type] 
Type domain.Question is not enhanced.

[2021-05-11 00:38:37 #4 type] 
Type domain.Pronostikoa is not enhanced.

[2021-05-11 00:38:37 #5 type] 
Type domain.Event is not enhanced.

[2021-05-11 00:38:37 #6 type] 
Type domain.ApostuAnitza is not enhanced.

[2021-05-11 00:38:37 #7 type] 
Type domain.Apustua is not enhanced.

[2021-05-11 00:38:37 #8 type] 
Type domain.Erabiltzailea is not enhanced.

[2021-05-11 00:38:37 #9 type] 
Type domain.Admin is not enhanced.

[2021-05-11 00:38:37 #10 type] 
Type domain.Erregistratua is not enhanced.

------------------------------------------------------------------------------------------------------------------------

[2021-05-11 00:40:43 #1 store] 
Database 'C:\Users\Mikel\Desktop\UPV\SI\3.Iterazioa-main\src\main\resources\bets.temp' has been recovered (tr. 14-14)

[2021-05-11 00:40:43 #2 store] 
Database 'C:\Users\Mikel\Desktop\UPV\SI\3.Iterazioa-main\src\main\resources\bets.temp' is opened by 7584@MIKELPC

[2021-05-11 00:40:43 #3 type] 
Type domain.Question is not enhanced.

[2021-05-11 00:40:43 #4 type] 
Type domain.Pronostikoa is not enhanced.

[2021-05-11 00:40:43 #5 type] 
Type domain.Event is not enhanced.

[2021-05-11 00:40:43 #6 type] 
Type domain.ApostuAnitza is not enhanced.

[2021-05-11 00:40:43 #7 type] 
Type domain.Apustua is not enhanced.

[2021-05-11 00:40:43 #8 type] 
Type domain.Erabiltzailea is not enhanced.

[2021-05-11 00:40:43 #9 type] 
Type domain.Admin is not enhanced.

[2021-05-11 00:40:43 #10 type] 
Type domain.Erregistratua is not enhanced.

------------------------------------------------------------------------------------------------------------------------

[2021-05-11 00:42:07 #1 store] 
Database 'C:\Users\Mikel\Desktop\UPV\SI\3.Iterazioa-main\src\main\resources\bets.temp' is opened by 15648@MIKELPC

[2021-05-11 00:42:07 #2 type] 
Type domain.Question is not enhanced.

[2021-05-11 00:42:07 #3 type] 
Type domain.Pronostikoa is not enhanced.

[2021-05-11 00:42:07 #4 type] 
Type domain.Event is not enhanced.

[2021-05-11 00:42:07 #5 type] 
Type domain.ApostuAnitza is not enhanced.

[2021-05-11 00:42:07 #6 type] 
Type domain.Apustua is not enhanced.

[2021-05-11 00:42:07 #7 type] 
Type domain.Erabiltzailea is not enhanced.

[2021-05-11 00:42:07 #8 type] 
Type domain.Admin is not enhanced.

[2021-05-11 00:42:07 #9 type] 
Type domain.Erregistratua is not enhanced.

------------------------------------------------------------------------------------------------------------------------

[2021-05-11 00:42:25 #1 store] 
Database 'C:\Users\Mikel\Desktop\UPV\SI\3.Iterazioa-main\src\main\resources\bets.temp' is opened by 15620@MIKELPC

[2021-05-11 00:42:25 #2 type] 
Type domain.Question is not enhanced.

[2021-05-11 00:42:25 #3 type] 
Type domain.Pronostikoa is not enhanced.

[2021-05-11 00:42:25 #4 type] 
Type domain.Event is not enhanced.

[2021-05-11 00:42:25 #5 type] 
Type domain.ApostuAnitza is not enhanced.

[2021-05-11 00:42:25 #6 type] 
Type domain.Apustua is not enhanced.

[2021-05-11 00:42:25 #7 type] 
Type domain.Erabiltzailea is not enhanced.

[2021-05-11 00:42:25 #8 type] 
Type domain.Admin is not enhanced.

[2021-05-11 00:42:25 #9 type] 
Type domain.Erregistratua is not enhanced.

------------------------------------------------------------------------------------------------------------------------

[2021-05-11 00:42:34 #1 store] 
Database 'C:\Users\Mikel\Desktop\UPV\SI\3.Iterazioa-main\src\main\resources\bets.temp' is opened by 13668@MIKELPC

[2021-05-11 00:42:34 #2 type] 
Type domain.Question is not enhanced.

[2021-05-11 00:42:34 #3 type] 
Type domain.Pronostikoa is not enhanced.

[2021-05-11 00:42:34 #4 type] 
Type domain.Event is not enhanced.

[2021-05-11 00:42:34 #5 type] 
Type domain.ApostuAnitza is not enhanced.

[2021-05-11 00:42:34 #6 type] 
Type domain.Apustua is not enhanced.

[2021-05-11 00:42:34 #7 type] 
Type domain.Erabiltzailea is not enhanced.

[2021-05-11 00:42:34 #8 type] 
Type domain.Admin is not enhanced.

[2021-05-11 00:42:34 #9 type] 
Type domain.Erregistratua is not enhanced.

------------------------------------------------------------------------------------------------------------------------

[2021-05-11 00:45:03 #1 store] 
Database 'C:\Users\Mikel\Desktop\UPV\SI\3.Iterazioa-main\src\main\resources\bets.temp' has been recovered (tr. 15-15)

[2021-05-11 00:45:03 #2 store] 
Database 'C:\Users\Mikel\Desktop\UPV\SI\3.Iterazioa-main\src\main\resources\bets.temp' is opened by 18320@MIKELPC

[2021-05-11 00:45:03 #3 type] 
Type domain.Question is not enhanced.

[2021-05-11 00:45:03 #4 type] 
Type domain.Pronostikoa is not enhanced.

[2021-05-11 00:45:03 #5 type] 
Type domain.Event is not enhanced.

[2021-05-11 00:45:03 #6 type] 
Type domain.ApostuAnitza is not enhanced.

[2021-05-11 00:45:03 #7 type] 
Type domain.Apustua is not enhanced.

[2021-05-11 00:45:03 #8 type] 
Type domain.Erabiltzailea is not enhanced.

[2021-05-11 00:45:03 #9 type] 
Type domain.Admin is not enhanced.

[2021-05-11 00:45:03 #10 type] 
Type domain.Erregistratua is not enhanced.

------------------------------------------------------------------------------------------------------------------------

[2021-05-11 00:49:28 #1 store] 
Database 'C:\Users\Mikel\Desktop\UPV\SI\3.Iterazioa-main\src\main\resources\bets.temp' has been recovered (tr. 16-17)

[2021-05-11 00:49:28 #2 store] 
Database 'C:\Users\Mikel\Desktop\UPV\SI\3.Iterazioa-main\src\main\resources\bets.temp' is opened by 10572@MIKELPC

[2021-05-11 00:49:28 #3 type] 
Type domain.Question is not enhanced.

[2021-05-11 00:49:28 #4 type] 
Type domain.Pronostikoa is not enhanced.

[2021-05-11 00:49:28 #5 type] 
Type domain.Event is not enhanced.

[2021-05-11 00:49:28 #6 type] 
Type domain.ApostuAnitza is not enhanced.

[2021-05-11 00:49:28 #7 type] 
Type domain.Apustua is not enhanced.

[2021-05-11 00:49:28 #8 type] 
Type domain.Erabiltzailea is not enhanced.

[2021-05-11 00:49:28 #9 type] 
Type domain.Admin is not enhanced.

[2021-05-11 00:49:28 #10 type] 
Type domain.Erregistratua is not enhanced.

------------------------------------------------------------------------------------------------------------------------

[2021-05-11 00:57:24 #1 store] 
Database 'C:\Users\Mikel\Desktop\UPV\SI\3.Iterazioa-main\src\main\resources\bets.temp' has been recovered (tr. 18-18)

[2021-05-11 00:57:24 #2 store] 
Database 'C:\Users\Mikel\Desktop\UPV\SI\3.Iterazioa-main\src\main\resources\bets.temp' is opened by 13772@MIKELPC

[2021-05-11 00:57:24 #3 type] 
Type domain.Question is not enhanced.

[2021-05-11 00:57:24 #4 type] 
Type domain.Pronostikoa is not enhanced.

[2021-05-11 00:57:24 #5 type] 
Type domain.Event is not enhanced.

[2021-05-11 00:57:24 #6 type] 
Type domain.ApostuAnitza is not enhanced.

[2021-05-11 00:57:24 #7 type] 
Type domain.Apustua is not enhanced.

[2021-05-11 00:57:24 #8 type] 
Type domain.Erabiltzailea is not enhanced.

[2021-05-11 00:57:24 #9 type] 
Type domain.Admin is not enhanced.

[2021-05-11 00:57:24 #10 type] 
Type domain.Erregistratua is not enhanced.

------------------------------------------------------------------------------------------------------------------------

[2021-05-11 00:59:57 #1 store] 
Database 'C:\Users\Mikel\Desktop\UPV\SI\3.Iterazioa-main\src\main\resources\bets.temp' is opened by 17940@MIKELPC

[2021-05-11 00:59:57 #2 type] 
Type domain.Question is not enhanced.

[2021-05-11 00:59:57 #3 type] 
Type domain.Pronostikoa is not enhanced.

[2021-05-11 00:59:57 #4 type] 
Type domain.Event is not enhanced.

[2021-05-11 00:59:57 #5 type] 
Type domain.ApostuAnitza is not enhanced.

[2021-05-11 00:59:57 #6 type] 
Type domain.Apustua is not enhanced.

[2021-05-11 00:59:57 #7 type] 
Type domain.Erabiltzailea is not enhanced.

[2021-05-11 00:59:57 #8 type] 
Type domain.Admin is not enhanced.

[2021-05-11 00:59:57 #9 type] 
Type domain.Erregistratua is not enhanced.

------------------------------------------------------------------------------------------------------------------------

[2021-05-11 01:00:50 #1 store] 
Database 'C:\Users\Mikel\Desktop\UPV\SI\3.Iterazioa-main\src\main\resources\bets.temp' is opened by 18444@MIKELPC

[2021-05-11 01:00:50 #2 type] 
Type domain.Question is not enhanced.

[2021-05-11 01:00:50 #3 type] 
Type domain.Pronostikoa is not enhanced.

[2021-05-11 01:00:50 #4 type] 
Type domain.Event is not enhanced.

[2021-05-11 01:00:50 #5 type] 
Type domain.ApostuAnitza is not enhanced.

[2021-05-11 01:00:50 #6 type] 
Type domain.Apustua is not enhanced.

[2021-05-11 01:00:50 #7 type] 
Type domain.Erabiltzailea is not enhanced.

[2021-05-11 01:00:50 #8 type] 
Type domain.Admin is not enhanced.

[2021-05-11 01:00:50 #9 type] 
Type domain.Erregistratua is not enhanced.

------------------------------------------------------------------------------------------------------------------------

[2021-05-11 01:01:35 #1 store] 
Database 'C:\Users\Mikel\Desktop\UPV\SI\3.Iterazioa-main\src\main\resources\bets.temp' is opened by 10572@MIKELPC

[2021-05-11 01:01:35 #2 type] 
Type domain.Question is not enhanced.

[2021-05-11 01:01:35 #3 type] 
Type domain.Pronostikoa is not enhanced.

[2021-05-11 01:01:35 #4 type] 
Type domain.Event is not enhanced.

[2021-05-11 01:01:35 #5 type] 
Type domain.ApostuAnitza is not enhanced.

[2021-05-11 01:01:35 #6 type] 
Type domain.Apustua is not enhanced.

[2021-05-11 01:01:35 #7 type] 
Type domain.Erabiltzailea is not enhanced.

[2021-05-11 01:01:35 #8 type] 
Type domain.Admin is not enhanced.

[2021-05-11 01:01:35 #9 type] 
Type domain.Erregistratua is not enhanced.

------------------------------------------------------------------------------------------------------------------------

[2021-05-11 01:02:10 #1 store] 
Database 'C:\Users\Mikel\Desktop\UPV\SI\3.Iterazioa-main\src\main\resources\bets.temp' is opened by 13676@MIKELPC

[2021-05-11 01:02:10 #2 type] 
Type domain.Question is not enhanced.

[2021-05-11 01:02:10 #3 type] 
Type domain.Pronostikoa is not enhanced.

[2021-05-11 01:02:10 #4 type] 
Type domain.Event is not enhanced.

[2021-05-11 01:02:10 #5 type] 
Type domain.ApostuAnitza is not enhanced.

[2021-05-11 01:02:10 #6 type] 
Type domain.Apustua is not enhanced.

[2021-05-11 01:02:10 #7 type] 
Type domain.Erabiltzailea is not enhanced.

[2021-05-11 01:02:10 #8 type] 
Type domain.Admin is not enhanced.

[2021-05-11 01:02:10 #9 type] 
Type domain.Erregistratua is not enhanced.

------------------------------------------------------------------------------------------------------------------------

[2021-05-11 01:04:35 #1 store] 
Database 'C:\Users\Mikel\Desktop\UPV\SI\3.Iterazioa-main\src\main\resources\bets.temp' is opened by 7092@MIKELPC

[2021-05-11 01:04:35 #2 type] 
Type domain.Question is not enhanced.

[2021-05-11 01:04:35 #3 type] 
Type domain.Pronostikoa is not enhanced.

[2021-05-11 01:04:35 #4 type] 
Type domain.Event is not enhanced.

[2021-05-11 01:04:35 #5 type] 
Type domain.ApostuAnitza is not enhanced.

[2021-05-11 01:04:35 #6 type] 
Type domain.Apustua is not enhanced.

[2021-05-11 01:04:35 #7 type] 
Type domain.Erabiltzailea is not enhanced.

[2021-05-11 01:04:35 #8 type] 
Type domain.Admin is not enhanced.

[2021-05-11 01:04:35 #9 type] 
Type domain.Erregistratua is not enhanced.

------------------------------------------------------------------------------------------------------------------------

[2021-05-11 01:05:17 #1 store] 
Database 'C:\Users\Mikel\Desktop\UPV\SI\3.Iterazioa-main\src\main\resources\bets.temp' is opened by 15532@MIKELPC

[2021-05-11 01:05:17 #2 type] 
Type domain.Question is not enhanced.

[2021-05-11 01:05:17 #3 type] 
Type domain.Pronostikoa is not enhanced.

[2021-05-11 01:05:17 #4 type] 
Type domain.Event is not enhanced.

[2021-05-11 01:05:17 #5 type] 
Type domain.ApostuAnitza is not enhanced.

[2021-05-11 01:05:17 #6 type] 
Type domain.Apustua is not enhanced.

[2021-05-11 01:05:17 #7 type] 
Type domain.Erabiltzailea is not enhanced.

[2021-05-11 01:05:17 #8 type] 
Type domain.Admin is not enhanced.

[2021-05-11 01:05:17 #9 type] 
Type domain.Erregistratua is not enhanced.

------------------------------------------------------------------------------------------------------------------------

[2021-05-11 01:08:36 #1 store] 
Database 'C:\Users\Mikel\Desktop\UPV\SI\3.Iterazioa-main\src\main\resources\bets.temp' is opened by 15520@MIKELPC

[2021-05-11 01:08:36 #2 type] 
Type domain.Question is not enhanced.

[2021-05-11 01:08:36 #3 type] 
Type domain.Pronostikoa is not enhanced.

[2021-05-11 01:08:36 #4 type] 
Type domain.Event is not enhanced.

[2021-05-11 01:08:36 #5 type] 
Type domain.ApostuAnitza is not enhanced.

[2021-05-11 01:08:36 #6 type] 
Type domain.Apustua is not enhanced.

[2021-05-11 01:08:36 #7 type] 
Type domain.Erabiltzailea is not enhanced.

[2021-05-11 01:08:36 #8 type] 
Type domain.Admin is not enhanced.

[2021-05-11 01:08:36 #9 type] 
Type domain.Erregistratua is not enhanced.

------------------------------------------------------------------------------------------------------------------------

[2021-05-11 01:09:41 #1 store] 
Database 'C:\Users\Mikel\Desktop\UPV\SI\3.Iterazioa-main\src\main\resources\bets.temp' is opened by 16240@MIKELPC

[2021-05-11 01:09:41 #2 type] 
Type domain.Question is not enhanced.

[2021-05-11 01:09:41 #3 type] 
Type domain.Pronostikoa is not enhanced.

[2021-05-11 01:09:41 #4 type] 
Type domain.Event is not enhanced.

[2021-05-11 01:09:41 #5 type] 
Type domain.ApostuAnitza is not enhanced.

[2021-05-11 01:09:41 #6 type] 
Type domain.Apustua is not enhanced.

[2021-05-11 01:09:41 #7 type] 
Type domain.Erabiltzailea is not enhanced.

[2021-05-11 01:09:41 #8 type] 
Type domain.Admin is not enhanced.

[2021-05-11 01:09:41 #9 type] 
Type domain.Erregistratua is not enhanced.

------------------------------------------------------------------------------------------------------------------------

[2021-05-11 01:10:15 #1 store] 
Database 'C:\Users\Mikel\Desktop\UPV\SI\3.Iterazioa-main\src\main\resources\bets.temp' is opened by 20396@MIKELPC

[2021-05-11 01:10:15 #2 type] 
Type domain.Question is not enhanced.

[2021-05-11 01:10:15 #3 type] 
Type domain.Pronostikoa is not enhanced.

[2021-05-11 01:10:15 #4 type] 
Type domain.Event is not enhanced.

[2021-05-11 01:10:15 #5 type] 
Type domain.ApostuAnitza is not enhanced.

[2021-05-11 01:10:15 #6 type] 
Type domain.Apustua is not enhanced.

[2021-05-11 01:10:15 #7 type] 
Type domain.Erabiltzailea is not enhanced.

[2021-05-11 01:10:15 #8 type] 
Type domain.Admin is not enhanced.

[2021-05-11 01:10:15 #9 type] 
Type domain.Erregistratua is not enhanced.

------------------------------------------------------------------------------------------------------------------------

[2021-05-11 01:11:39 #1 store] 
Database 'C:\Users\Mikel\Desktop\UPV\SI\3.Iterazioa-main\src\main\resources\bets.temp' is opened by 7024@MIKELPC

[2021-05-11 01:11:39 #2 type] 
Type domain.Question is not enhanced.

[2021-05-11 01:11:39 #3 type] 
Type domain.Pronostikoa is not enhanced.

[2021-05-11 01:11:39 #4 type] 
Type domain.Event is not enhanced.

[2021-05-11 01:11:39 #5 type] 
Type domain.ApostuAnitza is not enhanced.

[2021-05-11 01:11:39 #6 type] 
Type domain.Apustua is not enhanced.

[2021-05-11 01:11:39 #7 type] 
Type domain.Erabiltzailea is not enhanced.

[2021-05-11 01:11:39 #8 type] 
Type domain.Admin is not enhanced.

[2021-05-11 01:11:39 #9 type] 
Type domain.Erregistratua is not enhanced.

------------------------------------------------------------------------------------------------------------------------

[2021-05-11 01:16:12 #1 store] 
Database 'C:\Users\Mikel\Desktop\UPV\SI\3.Iterazioa-main\src\main\resources\bets.temp' is opened by 20316@MIKELPC

[2021-05-11 01:16:12 #2 type] 
Type domain.Question is not enhanced.

[2021-05-11 01:16:12 #3 type] 
Type domain.Pronostikoa is not enhanced.

[2021-05-11 01:16:12 #4 type] 
Type domain.Event is not enhanced.

[2021-05-11 01:16:12 #5 type] 
Type domain.ApostuAnitza is not enhanced.

[2021-05-11 01:16:12 #6 type] 
Type domain.Apustua is not enhanced.

[2021-05-11 01:16:12 #7 type] 
Type domain.Erabiltzailea is not enhanced.

[2021-05-11 01:16:12 #8 type] 
Type domain.Admin is not enhanced.

[2021-05-11 01:16:12 #9 type] 
Type domain.Erregistratua is not enhanced.

------------------------------------------------------------------------------------------------------------------------

[2021-05-11 01:17:09 #1 store] 
Database 'C:\Users\Mikel\Desktop\UPV\SI\3.Iterazioa-main\src\main\resources\bets.temp' is opened by 20256@MIKELPC

[2021-05-11 01:17:09 #2 type] 
Type domain.Question is not enhanced.

[2021-05-11 01:17:09 #3 type] 
Type domain.Pronostikoa is not enhanced.

[2021-05-11 01:17:09 #4 type] 
Type domain.Event is not enhanced.

[2021-05-11 01:17:09 #5 type] 
Type domain.ApostuAnitza is not enhanced.

[2021-05-11 01:17:09 #6 type] 
Type domain.Apustua is not enhanced.

[2021-05-11 01:17:09 #7 type] 
Type domain.Erabiltzailea is not enhanced.

[2021-05-11 01:17:09 #8 type] 
Type domain.Admin is not enhanced.

[2021-05-11 01:17:09 #9 type] 
Type domain.Erregistratua is not enhanced.

------------------------------------------------------------------------------------------------------------------------

[2021-05-11 01:17:51 #1 store] 
Database 'C:\Users\Mikel\Desktop\UPV\SI\3.Iterazioa-main\src\main\resources\bets.temp' is opened by 19164@MIKELPC

[2021-05-11 01:17:51 #2 type] 
Type domain.Question is not enhanced.

[2021-05-11 01:17:51 #3 type] 
Type domain.Pronostikoa is not enhanced.

[2021-05-11 01:17:51 #4 type] 
Type domain.Event is not enhanced.

[2021-05-11 01:17:51 #5 type] 
Type domain.ApostuAnitza is not enhanced.

[2021-05-11 01:17:51 #6 type] 
Type domain.Apustua is not enhanced.

[2021-05-11 01:17:51 #7 type] 
Type domain.Erabiltzailea is not enhanced.

[2021-05-11 01:17:51 #8 type] 
Type domain.Admin is not enhanced.

[2021-05-11 01:17:51 #9 type] 
Type domain.Erregistratua is not enhanced.

------------------------------------------------------------------------------------------------------------------------

[2021-05-11 01:19:14 #1 store] 
Database 'C:\Users\Mikel\Desktop\UPV\SI\3.Iterazioa-main\src\main\resources\bets.temp' is opened by 3452@MIKELPC

[2021-05-11 01:19:14 #2 type] 
Type domain.Question is not enhanced.

[2021-05-11 01:19:14 #3 type] 
Type domain.Pronostikoa is not enhanced.

[2021-05-11 01:19:14 #4 type] 
Type domain.Event is not enhanced.

[2021-05-11 01:19:14 #5 type] 
Type domain.ApostuAnitza is not enhanced.

[2021-05-11 01:19:14 #6 type] 
Type domain.Apustua is not enhanced.

[2021-05-11 01:19:14 #7 type] 
Type domain.Erabiltzailea is not enhanced.

[2021-05-11 01:19:14 #8 type] 
Type domain.Admin is not enhanced.

[2021-05-11 01:19:14 #9 type] 
Type domain.Erregistratua is not enhanced.

------------------------------------------------------------------------------------------------------------------------

[2021-05-11 01:20:09 #1 store] 
Database 'C:\Users\Mikel\Desktop\UPV\SI\3.Iterazioa-main\src\main\resources\bets.temp' is opened by 19184@MIKELPC

[2021-05-11 01:20:09 #2 type] 
Type domain.Question is not enhanced.

[2021-05-11 01:20:09 #3 type] 
Type domain.Pronostikoa is not enhanced.

[2021-05-11 01:20:09 #4 type] 
Type domain.Event is not enhanced.

[2021-05-11 01:20:09 #5 type] 
Type domain.ApostuAnitza is not enhanced.

[2021-05-11 01:20:09 #6 type] 
Type domain.Apustua is not enhanced.

[2021-05-11 01:20:09 #7 type] 
Type domain.Erabiltzailea is not enhanced.

[2021-05-11 01:20:09 #8 type] 
Type domain.Admin is not enhanced.

[2021-05-11 01:20:09 #9 type] 
Type domain.Erregistratua is not enhanced.

------------------------------------------------------------------------------------------------------------------------

[2021-05-11 01:23:01 #1 store] 
Database 'C:\Users\Mikel\Desktop\UPV\SI\3.Iterazioa-main\src\main\resources\bets.temp' is opened by 20400@MIKELPC

[2021-05-11 01:23:01 #2 type] 
Type domain.Question is not enhanced.

[2021-05-11 01:23:01 #3 type] 
Type domain.Pronostikoa is not enhanced.

[2021-05-11 01:23:01 #4 type] 
Type domain.Event is not enhanced.

[2021-05-11 01:23:01 #5 type] 
Type domain.ApostuAnitza is not enhanced.

[2021-05-11 01:23:01 #6 type] 
Type domain.Apustua is not enhanced.

[2021-05-11 01:23:01 #7 type] 
Type domain.Erabiltzailea is not enhanced.

[2021-05-11 01:23:01 #8 type] 
Type domain.Admin is not enhanced.

[2021-05-11 01:23:01 #9 type] 
Type domain.Erregistratua is not enhanced.

------------------------------------------------------------------------------------------------------------------------

[2021-05-11 01:23:48 #1 store] 
Database 'C:\Users\Mikel\Desktop\UPV\SI\3.Iterazioa-main\src\main\resources\bets.temp' is opened by 3920@MIKELPC

[2021-05-11 01:23:48 #2 type] 
Type domain.Question is not enhanced.

[2021-05-11 01:23:48 #3 type] 
Type domain.Pronostikoa is not enhanced.

[2021-05-11 01:23:48 #4 type] 
Type domain.Event is not enhanced.

[2021-05-11 01:23:48 #5 type] 
Type domain.ApostuAnitza is not enhanced.

[2021-05-11 01:23:48 #6 type] 
Type domain.Apustua is not enhanced.

[2021-05-11 01:23:48 #7 type] 
Type domain.Erabiltzailea is not enhanced.

[2021-05-11 01:23:48 #8 type] 
Type domain.Admin is not enhanced.

[2021-05-11 01:23:48 #9 type] 
Type domain.Erregistratua is not enhanced.

------------------------------------------------------------------------------------------------------------------------

[2021-05-11 01:26:28 #1 store] 
Database 'C:\Users\Mikel\Desktop\UPV\SI\3.Iterazioa-main\src\main\resources\bets.temp' has been recovered (tr. 19-19)

[2021-05-11 01:26:28 #2 store] 
Database 'C:\Users\Mikel\Desktop\UPV\SI\3.Iterazioa-main\src\main\resources\bets.temp' is opened by 10492@MIKELPC

[2021-05-11 01:26:28 #3 type] 
Type domain.Question is not enhanced.

[2021-05-11 01:26:28 #4 type] 
Type domain.Pronostikoa is not enhanced.

[2021-05-11 01:26:28 #5 type] 
Type domain.Event is not enhanced.

[2021-05-11 01:26:28 #6 type] 
Type domain.ApostuAnitza is not enhanced.

[2021-05-11 01:26:28 #7 type] 
Type domain.Apustua is not enhanced.

[2021-05-11 01:26:28 #8 type] 
Type domain.Erabiltzailea is not enhanced.

[2021-05-11 01:26:28 #9 type] 
Type domain.Admin is not enhanced.

[2021-05-11 01:26:28 #10 type] 
Type domain.Erregistratua is not enhanced.

[2021-05-11 01:37:29 #11 type.registry] 
New type java.util.ArrayList<java.lang.Object>

------------------------------------------------------------------------------------------------------------------------

[2021-05-11 01:41:47 #1 store] 
Database 'C:\Users\Mikel\Desktop\UPV\SI\3.Iterazioa-main\src\main\resources\bets.temp' has been recovered (tr. 20-25)

[2021-05-11 01:41:47 #2 store] 
Database 'C:\Users\Mikel\Desktop\UPV\SI\3.Iterazioa-main\src\main\resources\bets.temp' is opened by 1380@MIKELPC

[2021-05-11 01:41:47 #3 type] 
Type domain.Question is not enhanced.

[2021-05-11 01:41:47 #4 type] 
Type domain.Pronostikoa is not enhanced.

[2021-05-11 01:41:47 #5 type] 
Type domain.Event is not enhanced.

[2021-05-11 01:41:47 #6 type] 
Type domain.ApostuAnitza is not enhanced.

[2021-05-11 01:41:47 #7 type] 
Type domain.Apustua is not enhanced.

[2021-05-11 01:41:47 #8 type] 
Type domain.Erabiltzailea is not enhanced.

[2021-05-11 01:41:47 #9 type] 
Type domain.Admin is not enhanced.

[2021-05-11 01:41:47 #10 type] 
Type domain.Erregistratua is not enhanced.

------------------------------------------------------------------------------------------------------------------------

[2021-05-11 01:43:29 #1 store] 
Database 'C:\Users\Mikel\Desktop\UPV\SI\3.Iterazioa-main\src\main\resources\bets.temp' has been recovered (tr. 27-27)

[2021-05-11 01:43:29 #2 store] 
Database 'C:\Users\Mikel\Desktop\UPV\SI\3.Iterazioa-main\src\main\resources\bets.temp' is opened by 12220@MIKELPC

[2021-05-11 01:43:29 #3 type] 
Type domain.Question is not enhanced.

[2021-05-11 01:43:29 #4 type] 
Type domain.Pronostikoa is not enhanced.

[2021-05-11 01:43:29 #5 type] 
Type domain.Event is not enhanced.

[2021-05-11 01:43:29 #6 type] 
Type domain.ApostuAnitza is not enhanced.

[2021-05-11 01:43:29 #7 type] 
Type domain.Apustua is not enhanced.

[2021-05-11 01:43:29 #8 type] 
Type domain.Erabiltzailea is not enhanced.

[2021-05-11 01:43:29 #9 type] 
Type domain.Admin is not enhanced.

[2021-05-11 01:43:29 #10 type] 
Type domain.Erregistratua is not enhanced.

------------------------------------------------------------------------------------------------------------------------

[2021-05-11 01:44:06 #1 store] 
Database 'C:\Users\Mikel\Desktop\UPV\SI\3.Iterazioa-main\src\main\resources\bets.temp' is opened by 14076@MIKELPC

[2021-05-11 01:44:06 #2 type] 
Type domain.Question is not enhanced.

[2021-05-11 01:44:06 #3 type] 
Type domain.Pronostikoa is not enhanced.

[2021-05-11 01:44:06 #4 type] 
Type domain.Event is not enhanced.

[2021-05-11 01:44:06 #5 type] 
Type domain.ApostuAnitza is not enhanced.

[2021-05-11 01:44:06 #6 type] 
Type domain.Apustua is not enhanced.

[2021-05-11 01:44:06 #7 type] 
Type domain.Erabiltzailea is not enhanced.

[2021-05-11 01:44:06 #8 type] 
Type domain.Admin is not enhanced.

[2021-05-11 01:44:06 #9 type] 
Type domain.Erregistratua is not enhanced.

------------------------------------------------------------------------------------------------------------------------

[2021-05-11 01:48:52 #1 store] 
Database 'C:\Users\Mikel\Desktop\UPV\SI\3.Iterazioa-main\src\main\resources\bets.temp' has been recovered (tr. 28-28)

[2021-05-11 01:48:52 #2 store] 
Database 'C:\Users\Mikel\Desktop\UPV\SI\3.Iterazioa-main\src\main\resources\bets.temp' is opened by 15680@MIKELPC

[2021-05-11 01:48:52 #3 type] 
Type domain.Question is not enhanced.

[2021-05-11 01:48:52 #4 type] 
Type domain.Pronostikoa is not enhanced.

[2021-05-11 01:48:52 #5 type] 
Type domain.Event is not enhanced.

[2021-05-11 01:48:52 #6 type] 
Type domain.ApostuAnitza is not enhanced.

[2021-05-11 01:48:52 #7 type] 
Type domain.Apustua is not enhanced.

[2021-05-11 01:48:52 #8 type] 
Type domain.Erabiltzailea is not enhanced.

[2021-05-11 01:48:52 #9 type] 
Type domain.Admin is not enhanced.

[2021-05-11 01:48:52 #10 type] 
Type domain.Erregistratua is not enhanced.

------------------------------------------------------------------------------------------------------------------------

[2021-05-11 01:58:22 #1 store] 
Database 'C:\Users\Mikel\Desktop\UPV\SI\3.Iterazioa-main\src\main\resources\bets.temp' has been recovered (tr. 29-29)

[2021-05-11 01:58:22 #2 store] 
Database 'C:\Users\Mikel\Desktop\UPV\SI\3.Iterazioa-main\src\main\resources\bets.temp' is opened by 10892@MIKELPC

[2021-05-11 01:58:22 #3 type] 
Type domain.Question is not enhanced.

[2021-05-11 01:58:22 #4 type] 
Type domain.Pronostikoa is not enhanced.

[2021-05-11 01:58:22 #5 type] 
Type domain.Event is not enhanced.

[2021-05-11 01:58:22 #6 type] 
Type domain.ApostuAnitza is not enhanced.

[2021-05-11 01:58:22 #7 type] 
Type domain.Apustua is not enhanced.

[2021-05-11 01:58:22 #8 type] 
Type domain.Erabiltzailea is not enhanced.

[2021-05-11 01:58:22 #9 type] 
Type domain.Admin is not enhanced.

[2021-05-11 01:58:22 #10 type] 
Type domain.Erregistratua is not enhanced.

------------------------------------------------------------------------------------------------------------------------

[2021-05-11 02:09:46 #1 store] 
Database 'C:\Users\Mikel\Desktop\UPV\SI\3.Iterazioa-main\src\main\resources\bets.temp' has been recovered (tr. 30-30)

[2021-05-11 02:09:46 #2 store] 
Database 'C:\Users\Mikel\Desktop\UPV\SI\3.Iterazioa-main\src\main\resources\bets.temp' is opened by 16108@MIKELPC

[2021-05-11 02:09:46 #3 type] 
Type domain.Question is not enhanced.

[2021-05-11 02:09:46 #4 type] 
Type domain.Pronostikoa is not enhanced.

[2021-05-11 02:09:46 #5 type] 
Type domain.Event is not enhanced.

[2021-05-11 02:09:46 #6 type] 
Type domain.ApostuAnitza is not enhanced.

[2021-05-11 02:09:46 #7 type] 
Type domain.Apustua is not enhanced.

[2021-05-11 02:09:46 #8 type] 
Type domain.Erabiltzailea is not enhanced.

[2021-05-11 02:09:46 #9 type] 
Type domain.Admin is not enhanced.

[2021-05-11 02:09:46 #10 type] 
Type domain.Erregistratua is not enhanced.

------------------------------------------------------------------------------------------------------------------------

[2021-05-11 02:10:04 #1 store] 
Database 'C:\Users\Mikel\Desktop\UPV\SI\3.Iterazioa-main\src\main\resources\bets.temp' is opened by 17800@MIKELPC

[2021-05-11 02:10:04 #2 type] 
Type domain.Question is not enhanced.

[2021-05-11 02:10:04 #3 type] 
Type domain.Pronostikoa is not enhanced.

[2021-05-11 02:10:04 #4 type] 
Type domain.Event is not enhanced.

[2021-05-11 02:10:04 #5 type] 
Type domain.ApostuAnitza is not enhanced.

[2021-05-11 02:10:04 #6 type] 
Type domain.Apustua is not enhanced.

[2021-05-11 02:10:04 #7 type] 
Type domain.Erabiltzailea is not enhanced.

[2021-05-11 02:10:04 #8 type] 
Type domain.Admin is not enhanced.

[2021-05-11 02:10:04 #9 type] 
Type domain.Erregistratua is not enhanced.

------------------------------------------------------------------------------------------------------------------------

[2021-05-11 02:11:42 #1 store] 
Database 'C:\Users\Mikel\Desktop\UPV\SI\3.Iterazioa-main\src\main\resources\bets.temp' is opened by 11508@MIKELPC

[2021-05-11 02:11:42 #2 type] 
Type domain.Question is not enhanced.

[2021-05-11 02:11:42 #3 type] 
Type domain.Pronostikoa is not enhanced.

[2021-05-11 02:11:42 #4 type] 
Type domain.Event is not enhanced.

[2021-05-11 02:11:42 #5 type] 
Type domain.ApostuAnitza is not enhanced.

[2021-05-11 02:11:42 #6 type] 
Type domain.Apustua is not enhanced.

[2021-05-11 02:11:42 #7 type] 
Type domain.Erabiltzailea is not enhanced.

[2021-05-11 02:11:42 #8 type] 
Type domain.Admin is not enhanced.

[2021-05-11 02:11:42 #9 type] 
Type domain.Erregistratua is not enhanced.

------------------------------------------------------------------------------------------------------------------------

[2021-05-11 02:12:10 #1 store] 
Database 'C:\Users\Mikel\Desktop\UPV\SI\3.Iterazioa-main\src\main\resources\bets.temp' is opened by 10244@MIKELPC

[2021-05-11 02:12:10 #2 type] 
Type domain.Question is not enhanced.

[2021-05-11 02:12:10 #3 type] 
Type domain.Pronostikoa is not enhanced.

[2021-05-11 02:12:10 #4 type] 
Type domain.Event is not enhanced.

[2021-05-11 02:12:10 #5 type] 
Type domain.ApostuAnitza is not enhanced.

[2021-05-11 02:12:10 #6 type] 
Type domain.Apustua is not enhanced.

[2021-05-11 02:12:10 #7 type] 
Type domain.Erabiltzailea is not enhanced.

[2021-05-11 02:12:10 #8 type] 
Type domain.Admin is not enhanced.

[2021-05-11 02:12:10 #9 type] 
Type domain.Erregistratua is not enhanced.

------------------------------------------------------------------------------------------------------------------------

[2021-05-11 02:12:51 #1 store] 
Database 'C:\Users\Mikel\Desktop\UPV\SI\3.Iterazioa-main\src\main\resources\bets.temp' is opened by 18312@MIKELPC

[2021-05-11 02:12:51 #2 type] 
Type domain.Question is not enhanced.

[2021-05-11 02:12:51 #3 type] 
Type domain.Pronostikoa is not enhanced.

[2021-05-11 02:12:51 #4 type] 
Type domain.Event is not enhanced.

[2021-05-11 02:12:51 #5 type] 
Type domain.ApostuAnitza is not enhanced.

[2021-05-11 02:12:51 #6 type] 
Type domain.Apustua is not enhanced.

[2021-05-11 02:12:51 #7 type] 
Type domain.Erabiltzailea is not enhanced.

[2021-05-11 02:12:51 #8 type] 
Type domain.Admin is not enhanced.

[2021-05-11 02:12:51 #9 type] 
Type domain.Erregistratua is not enhanced.

------------------------------------------------------------------------------------------------------------------------

[2021-05-11 02:13:33 #1 store] 
Database 'C:\Users\Mikel\Desktop\UPV\SI\3.Iterazioa-main\src\main\resources\bets.temp' is opened by 15552@MIKELPC

[2021-05-11 02:13:33 #2 type] 
Type domain.Question is not enhanced.

[2021-05-11 02:13:33 #3 type] 
Type domain.Pronostikoa is not enhanced.

[2021-05-11 02:13:33 #4 type] 
Type domain.Event is not enhanced.

[2021-05-11 02:13:33 #5 type] 
Type domain.ApostuAnitza is not enhanced.

[2021-05-11 02:13:33 #6 type] 
Type domain.Apustua is not enhanced.

[2021-05-11 02:13:33 #7 type] 
Type domain.Erabiltzailea is not enhanced.

[2021-05-11 02:13:33 #8 type] 
Type domain.Admin is not enhanced.

[2021-05-11 02:13:33 #9 type] 
Type domain.Erregistratua is not enhanced.

------------------------------------------------------------------------------------------------------------------------

[2021-05-11 02:14:39 #1 store] 
Database 'C:\Users\Mikel\Desktop\UPV\SI\3.Iterazioa-main\src\main\resources\bets.temp' is opened by 3000@MIKELPC

[2021-05-11 02:14:39 #2 type] 
Type domain.Question is not enhanced.

[2021-05-11 02:14:39 #3 type] 
Type domain.Pronostikoa is not enhanced.

[2021-05-11 02:14:39 #4 type] 
Type domain.Event is not enhanced.

[2021-05-11 02:14:39 #5 type] 
Type domain.ApostuAnitza is not enhanced.

[2021-05-11 02:14:39 #6 type] 
Type domain.Apustua is not enhanced.

[2021-05-11 02:14:39 #7 type] 
Type domain.Erabiltzailea is not enhanced.

[2021-05-11 02:14:39 #8 type] 
Type domain.Admin is not enhanced.

[2021-05-11 02:14:39 #9 type] 
Type domain.Erregistratua is not enhanced.

------------------------------------------------------------------------------------------------------------------------

[2021-05-11 02:18:48 #1 store] 
Database 'C:\Users\Mikel\Desktop\UPV\SI\3.Iterazioa-main\src\main\resources\bets.temp' is opened by 18980@MIKELPC

[2021-05-11 02:18:48 #2 type] 
Type domain.Question is not enhanced.

[2021-05-11 02:18:48 #3 type] 
Type domain.Pronostikoa is not enhanced.

[2021-05-11 02:18:48 #4 type] 
Type domain.Event is not enhanced.

[2021-05-11 02:18:48 #5 type] 
Type domain.ApostuAnitza is not enhanced.

[2021-05-11 02:18:48 #6 type] 
Type domain.Apustua is not enhanced.

[2021-05-11 02:18:48 #7 type] 
Type domain.Erabiltzailea is not enhanced.

[2021-05-11 02:18:48 #8 type] 
Type domain.Admin is not enhanced.

[2021-05-11 02:18:48 #9 type] 
Type domain.Erregistratua is not enhanced.

------------------------------------------------------------------------------------------------------------------------

[2021-05-11 02:19:22 #1 store] 
Database 'C:\Users\Mikel\Desktop\UPV\SI\3.Iterazioa-main\src\main\resources\bets.temp' is opened by 18852@MIKELPC

[2021-05-11 02:19:22 #2 type] 
Type domain.Question is not enhanced.

[2021-05-11 02:19:22 #3 type] 
Type domain.Pronostikoa is not enhanced.

[2021-05-11 02:19:22 #4 type] 
Type domain.Event is not enhanced.

[2021-05-11 02:19:22 #5 type] 
Type domain.ApostuAnitza is not enhanced.

[2021-05-11 02:19:22 #6 type] 
Type domain.Apustua is not enhanced.

[2021-05-11 02:19:22 #7 type] 
Type domain.Erabiltzailea is not enhanced.

[2021-05-11 02:19:22 #8 type] 
Type domain.Admin is not enhanced.

[2021-05-11 02:19:22 #9 type] 
Type domain.Erregistratua is not enhanced.

------------------------------------------------------------------------------------------------------------------------

[2021-05-11 02:19:47 #1 store] 
Database 'C:\Users\Mikel\Desktop\UPV\SI\3.Iterazioa-main\src\main\resources\bets.temp' is opened by 11196@MIKELPC

[2021-05-11 02:19:47 #2 type] 
Type domain.Question is not enhanced.

[2021-05-11 02:19:47 #3 type] 
Type domain.Pronostikoa is not enhanced.

[2021-05-11 02:19:47 #4 type] 
Type domain.Event is not enhanced.

[2021-05-11 02:19:47 #5 type] 
Type domain.ApostuAnitza is not enhanced.

[2021-05-11 02:19:47 #6 type] 
Type domain.Apustua is not enhanced.

[2021-05-11 02:19:47 #7 type] 
Type domain.Erabiltzailea is not enhanced.

[2021-05-11 02:19:47 #8 type] 
Type domain.Admin is not enhanced.

[2021-05-11 02:19:47 #9 type] 
Type domain.Erregistratua is not enhanced.

------------------------------------------------------------------------------------------------------------------------

[2021-05-11 02:20:36 #1 store] 
Database 'C:\Users\Mikel\Desktop\UPV\SI\3.Iterazioa-main\src\main\resources\bets.temp' is opened by 5700@MIKELPC

[2021-05-11 02:20:36 #2 type] 
Type domain.Question is not enhanced.

[2021-05-11 02:20:36 #3 type] 
Type domain.Pronostikoa is not enhanced.

[2021-05-11 02:20:36 #4 type] 
Type domain.Event is not enhanced.

[2021-05-11 02:20:36 #5 type] 
Type domain.ApostuAnitza is not enhanced.

[2021-05-11 02:20:36 #6 type] 
Type domain.Apustua is not enhanced.

[2021-05-11 02:20:36 #7 type] 
Type domain.Erabiltzailea is not enhanced.

[2021-05-11 02:20:36 #8 type] 
Type domain.Admin is not enhanced.

[2021-05-11 02:20:36 #9 type] 
Type domain.Erregistratua is not enhanced.

------------------------------------------------------------------------------------------------------------------------

[2021-05-11 02:25:41 #1 store] 
Database 'C:\Users\Mikel\Desktop\UPV\SI\3.Iterazioa-main\src\main\resources\bets.temp' is opened by 19012@MIKELPC

[2021-05-11 02:25:41 #2 type] 
Type domain.Question is not enhanced.

[2021-05-11 02:25:41 #3 type] 
Type domain.Pronostikoa is not enhanced.

[2021-05-11 02:25:41 #4 type] 
Type domain.Event is not enhanced.

[2021-05-11 02:25:41 #5 type] 
Type domain.ApostuAnitza is not enhanced.

[2021-05-11 02:25:41 #6 type] 
Type domain.Apustua is not enhanced.

[2021-05-11 02:25:41 #7 type] 
Type domain.Erabiltzailea is not enhanced.

[2021-05-11 02:25:41 #8 type] 
Type domain.Admin is not enhanced.

[2021-05-11 02:25:41 #9 type] 
Type domain.Erregistratua is not enhanced.

------------------------------------------------------------------------------------------------------------------------

[2021-05-11 02:26:30 #1 store] 
Database 'C:\Users\Mikel\Desktop\UPV\SI\3.Iterazioa-main\src\main\resources\bets.temp' has been recovered (tr. 31-31)

[2021-05-11 02:26:30 #2 store] 
Database 'C:\Users\Mikel\Desktop\UPV\SI\3.Iterazioa-main\src\main\resources\bets.temp' is opened by 19472@MIKELPC

[2021-05-11 02:26:30 #3 type] 
Type domain.Question is not enhanced.

[2021-05-11 02:26:30 #4 type] 
Type domain.Pronostikoa is not enhanced.

[2021-05-11 02:26:30 #5 type] 
Type domain.Event is not enhanced.

[2021-05-11 02:26:30 #6 type] 
Type domain.ApostuAnitza is not enhanced.

[2021-05-11 02:26:30 #7 type] 
Type domain.Apustua is not enhanced.

[2021-05-11 02:26:30 #8 type] 
Type domain.Erabiltzailea is not enhanced.

[2021-05-11 02:26:30 #9 type] 
Type domain.Admin is not enhanced.

[2021-05-11 02:26:30 #10 type] 
Type domain.Erregistratua is not enhanced.

------------------------------------------------------------------------------------------------------------------------

[2021-05-11 02:28:06 #1 store] 
Database 'C:\Users\Mikel\Desktop\UPV\SI\3.Iterazioa-main\src\main\resources\bets.temp' is opened by 14236@MIKELPC

[2021-05-11 02:28:06 #2 type] 
Type domain.Question is not enhanced.

[2021-05-11 02:28:06 #3 type] 
Type domain.Pronostikoa is not enhanced.

[2021-05-11 02:28:06 #4 type] 
Type domain.Event is not enhanced.

[2021-05-11 02:28:06 #5 type] 
Type domain.ApostuAnitza is not enhanced.

[2021-05-11 02:28:06 #6 type] 
Type domain.Apustua is not enhanced.

[2021-05-11 02:28:06 #7 type] 
Type domain.Erabiltzailea is not enhanced.

[2021-05-11 02:28:06 #8 type] 
Type domain.Admin is not enhanced.

[2021-05-11 02:28:06 #9 type] 
Type domain.Erregistratua is not enhanced.

------------------------------------------------------------------------------------------------------------------------

[2021-05-11 02:35:08 #1 store] 
Database 'C:\Users\Mikel\Desktop\UPV\SI\3.Iterazioa-main\src\main\resources\bets.temp' is opened by 8324@MIKELPC

[2021-05-11 02:35:08 #2 type] 
Type domain.Question is not enhanced.

[2021-05-11 02:35:08 #3 type] 
Type domain.Pronostikoa is not enhanced.

[2021-05-11 02:35:08 #4 type] 
Type domain.Event is not enhanced.

[2021-05-11 02:35:08 #5 type] 
Type domain.ApostuAnitza is not enhanced.

[2021-05-11 02:35:08 #6 type] 
Type domain.Apustua is not enhanced.

[2021-05-11 02:35:08 #7 type] 
Type domain.Erabiltzailea is not enhanced.

[2021-05-11 02:35:08 #8 type] 
Type domain.Admin is not enhanced.

[2021-05-11 02:35:08 #9 type] 
Type domain.Erregistratua is not enhanced.

------------------------------------------------------------------------------------------------------------------------

[2021-05-11 02:35:57 #1 store] 
Database 'C:\Users\Mikel\Desktop\UPV\SI\3.Iterazioa-main\src\main\resources\bets.temp' has been recovered (tr. 32-32)

[2021-05-11 02:35:57 #2 store] 
Database 'C:\Users\Mikel\Desktop\UPV\SI\3.Iterazioa-main\src\main\resources\bets.temp' is opened by 17840@MIKELPC

[2021-05-11 02:35:57 #3 type] 
Type domain.Question is not enhanced.

[2021-05-11 02:35:57 #4 type] 
Type domain.Pronostikoa is not enhanced.

[2021-05-11 02:35:57 #5 type] 
Type domain.Event is not enhanced.

[2021-05-11 02:35:57 #6 type] 
Type domain.ApostuAnitza is not enhanced.

[2021-05-11 02:35:57 #7 type] 
Type domain.Apustua is not enhanced.

[2021-05-11 02:35:57 #8 type] 
Type domain.Erabiltzailea is not enhanced.

[2021-05-11 02:35:57 #9 type] 
Type domain.Admin is not enhanced.

[2021-05-11 02:35:57 #10 type] 
Type domain.Erregistratua is not enhanced.

------------------------------------------------------------------------------------------------------------------------

[2021-05-11 02:36:18 #1 store] 
Database 'C:\Users\Mikel\Desktop\UPV\SI\3.Iterazioa-main\src\main\resources\bets.temp' is opened by 13196@MIKELPC

[2021-05-11 02:36:18 #2 type] 
Type domain.Question is not enhanced.

[2021-05-11 02:36:18 #3 type] 
Type domain.Pronostikoa is not enhanced.

[2021-05-11 02:36:18 #4 type] 
Type domain.Event is not enhanced.

[2021-05-11 02:36:18 #5 type] 
Type domain.ApostuAnitza is not enhanced.

[2021-05-11 02:36:18 #6 type] 
Type domain.Apustua is not enhanced.

[2021-05-11 02:36:18 #7 type] 
Type domain.Erabiltzailea is not enhanced.

[2021-05-11 02:36:18 #8 type] 
Type domain.Admin is not enhanced.

[2021-05-11 02:36:18 #9 type] 
Type domain.Erregistratua is not enhanced.

------------------------------------------------------------------------------------------------------------------------

[2021-05-11 02:42:21 #1 store] 
Database 'C:\Users\Mikel\Desktop\UPV\SI\3.Iterazioa-main\src\main\resources\bets.temp' has been recovered (tr. 33-34)

[2021-05-11 02:42:21 #2 store] 
Database 'C:\Users\Mikel\Desktop\UPV\SI\3.Iterazioa-main\src\main\resources\bets.temp' is opened by 10084@MIKELPC

[2021-05-11 02:42:21 #3 type] 
Type domain.Question is not enhanced.

[2021-05-11 02:42:21 #4 type] 
Type domain.Pronostikoa is not enhanced.

[2021-05-11 02:42:21 #5 type] 
Type domain.Event is not enhanced.

[2021-05-11 02:42:21 #6 type] 
Type domain.ApostuAnitza is not enhanced.

[2021-05-11 02:42:21 #7 type] 
Type domain.Apustua is not enhanced.

[2021-05-11 02:42:21 #8 type] 
Type domain.Erabiltzailea is not enhanced.

[2021-05-11 02:42:21 #9 type] 
Type domain.Admin is not enhanced.

[2021-05-11 02:42:21 #10 type] 
Type domain.Erregistratua is not enhanced.

------------------------------------------------------------------------------------------------------------------------

[2021-05-11 02:46:17 #1 store] 
Database 'C:\Users\Mikel\Desktop\UPV\SI\3.Iterazioa-main\src\main\resources\bets.temp' has been recovered (tr. 35-35)

[2021-05-11 02:46:17 #2 store] 
Database 'C:\Users\Mikel\Desktop\UPV\SI\3.Iterazioa-main\src\main\resources\bets.temp' is opened by 6984@MIKELPC

[2021-05-11 02:46:17 #3 type] 
Type domain.Question is not enhanced.

[2021-05-11 02:46:17 #4 type] 
Type domain.Pronostikoa is not enhanced.

[2021-05-11 02:46:17 #5 type] 
Type domain.Event is not enhanced.

[2021-05-11 02:46:17 #6 type] 
Type domain.ApostuAnitza is not enhanced.

[2021-05-11 02:46:17 #7 type] 
Type domain.Apustua is not enhanced.

[2021-05-11 02:46:17 #8 type] 
Type domain.Erabiltzailea is not enhanced.

[2021-05-11 02:46:17 #9 type] 
Type domain.Admin is not enhanced.

[2021-05-11 02:46:17 #10 type] 
Type domain.Erregistratua is not enhanced.

------------------------------------------------------------------------------------------------------------------------

[2021-05-11 02:48:02 #1 store] 
Database 'C:\Users\Mikel\Desktop\UPV\SI\3.Iterazioa-main\src\main\resources\bets.temp' has been recovered (tr. 36-36)

[2021-05-11 02:48:02 #2 store] 
Database 'C:\Users\Mikel\Desktop\UPV\SI\3.Iterazioa-main\src\main\resources\bets.temp' is opened by 5800@MIKELPC

[2021-05-11 02:48:02 #3 type] 
Type domain.Question is not enhanced.

[2021-05-11 02:48:02 #4 type] 
Type domain.Pronostikoa is not enhanced.

[2021-05-11 02:48:02 #5 type] 
Type domain.Event is not enhanced.

[2021-05-11 02:48:02 #6 type] 
Type domain.ApostuAnitza is not enhanced.

[2021-05-11 02:48:02 #7 type] 
Type domain.Apustua is not enhanced.

[2021-05-11 02:48:02 #8 type] 
Type domain.Erabiltzailea is not enhanced.

[2021-05-11 02:48:02 #9 type] 
Type domain.Admin is not enhanced.

[2021-05-11 02:48:02 #10 type] 
Type domain.Erregistratua is not enhanced.

------------------------------------------------------------------------------------------------------------------------

[2021-05-11 02:48:30 #1 store] 
Database 'C:\Users\Mikel\Desktop\UPV\SI\3.Iterazioa-main\src\main\resources\bets.temp' is opened by 18176@MIKELPC

[2021-05-11 02:48:30 #2 type] 
Type domain.Question is not enhanced.

[2021-05-11 02:48:30 #3 type] 
Type domain.Pronostikoa is not enhanced.

[2021-05-11 02:48:30 #4 type] 
Type domain.Event is not enhanced.

[2021-05-11 02:48:30 #5 type] 
Type domain.ApostuAnitza is not enhanced.

[2021-05-11 02:48:30 #6 type] 
Type domain.Apustua is not enhanced.

[2021-05-11 02:48:30 #7 type] 
Type domain.Erabiltzailea is not enhanced.

[2021-05-11 02:48:30 #8 type] 
Type domain.Admin is not enhanced.

[2021-05-11 02:48:30 #9 type] 
Type domain.Erregistratua is not enhanced.

------------------------------------------------------------------------------------------------------------------------

[2021-05-11 02:49:13 #1 store] 
Database 'C:\Users\Mikel\Desktop\UPV\SI\3.Iterazioa-main\src\main\resources\bets.temp' has been recovered (tr. 37-37)

[2021-05-11 02:49:13 #2 store] 
Database 'C:\Users\Mikel\Desktop\UPV\SI\3.Iterazioa-main\src\main\resources\bets.temp' is opened by 19928@MIKELPC

[2021-05-11 02:49:13 #3 type] 
Type domain.Question is not enhanced.

[2021-05-11 02:49:13 #4 type] 
Type domain.Pronostikoa is not enhanced.

[2021-05-11 02:49:13 #5 type] 
Type domain.Event is not enhanced.

[2021-05-11 02:49:13 #6 type] 
Type domain.ApostuAnitza is not enhanced.

[2021-05-11 02:49:13 #7 type] 
Type domain.Apustua is not enhanced.

[2021-05-11 02:49:13 #8 type] 
Type domain.Erabiltzailea is not enhanced.

[2021-05-11 02:49:13 #9 type] 
Type domain.Admin is not enhanced.

[2021-05-11 02:49:13 #10 type] 
Type domain.Erregistratua is not enhanced.

------------------------------------------------------------------------------------------------------------------------

[2021-05-11 02:50:33 #1 store] 
Database 'C:\Users\Mikel\Desktop\UPV\SI\3.Iterazioa-main\src\main\resources\bets.temp' has been recovered (tr. 38-38)

[2021-05-11 02:50:33 #2 store] 
Database 'C:\Users\Mikel\Desktop\UPV\SI\3.Iterazioa-main\src\main\resources\bets.temp' is opened by 13164@MIKELPC

[2021-05-11 02:50:33 #3 type] 
Type domain.Question is not enhanced.

[2021-05-11 02:50:33 #4 type] 
Type domain.Pronostikoa is not enhanced.

[2021-05-11 02:50:33 #5 type] 
Type domain.Event is not enhanced.

[2021-05-11 02:50:33 #6 type] 
Type domain.ApostuAnitza is not enhanced.

[2021-05-11 02:50:33 #7 type] 
Type domain.Apustua is not enhanced.

[2021-05-11 02:50:33 #8 type] 
Type domain.Erabiltzailea is not enhanced.

[2021-05-11 02:50:33 #9 type] 
Type domain.Admin is not enhanced.

[2021-05-11 02:50:33 #10 type] 
Type domain.Erregistratua is not enhanced.

------------------------------------------------------------------------------------------------------------------------

[2021-05-11 02:52:51 #1 store] 
Database 'C:\Users\Mikel\Desktop\UPV\SI\3.Iterazioa-main\src\main\resources\bets.temp' is opened by 1476@MIKELPC

[2021-05-11 02:52:51 #2 type] 
Type domain.Question is not enhanced.

[2021-05-11 02:52:51 #3 type] 
Type domain.Pronostikoa is not enhanced.

[2021-05-11 02:52:51 #4 type] 
Type domain.Event is not enhanced.

[2021-05-11 02:52:51 #5 type] 
Type domain.ApostuAnitza is not enhanced.

[2021-05-11 02:52:51 #6 type] 
Type domain.Apustua is not enhanced.

[2021-05-11 02:52:51 #7 type] 
Type domain.Erabiltzailea is not enhanced.

[2021-05-11 02:52:51 #8 type] 
Type domain.Admin is not enhanced.

[2021-05-11 02:52:51 #9 type] 
Type domain.Erregistratua is not enhanced.

