------------------------------------------------------------------------------------------------------------------------

[2021-02-28 12:28:35 #1 store] 
Database '/home/mikel/Bets21-master/src/main/resources/bets.temp' is opened by 151132@mikel-pc

[2021-02-28 12:28:36 #2 type] 
Type domain.Question is not enhanced.

[2021-02-28 12:28:36 #3 type] 
Type domain.Event is not enhanced.

[2021-02-28 12:28:36 #4 type] 
Type domain.Erabiltzailea is not enhanced.

[2021-02-28 12:28:36 #5 type] 
Type domain.Erregistratua is not enhanced.

------------------------------------------------------------------------------------------------------------------------

[2021-02-28 12:32:17 #1 store] 
Database '/home/mikel/Bets21-master/src/main/resources/bets.temp' is opened by 153371@mikel-pc

[2021-02-28 12:32:17 #2 type] 
Type domain.Question is not enhanced.

[2021-02-28 12:32:17 #3 type] 
Type domain.Event is not enhanced.

[2021-02-28 12:32:17 #4 type] 
Type domain.Erabiltzailea is not enhanced.

[2021-02-28 12:32:17 #5 type] 
Type domain.Erregistratua is not enhanced.

------------------------------------------------------------------------------------------------------------------------

[2021-02-28 12:36:14 #1 store] 
Database '/home/mikel/Bets21-master/src/main/resources/bets.temp' is opened by 155915@mikel-pc

[2021-02-28 12:36:14 #2 type] 
Type domain.Question is not enhanced.

[2021-02-28 12:36:14 #3 type] 
Type domain.Event is not enhanced.

[2021-02-28 12:36:14 #4 type] 
Type domain.Erabiltzailea is not enhanced.

[2021-02-28 12:36:14 #5 type] 
Type domain.Erregistratua is not enhanced.

------------------------------------------------------------------------------------------------------------------------

[2021-02-28 12:40:57 #1 store] 
Database '/home/mikel/Bets21-master/src/main/resources/bets.temp' is opened by 159151@mikel-pc

[2021-02-28 12:40:57 #2 type.registry] 
New type domain.Question

[2021-02-28 12:40:57 #3 type] 
Type domain.Question is not enhanced.

[2021-02-28 12:40:57 #4 type.registry] 
New type domain.Event

[2021-02-28 12:40:57 #5 type] 
Type domain.Event is not enhanced.

[2021-02-28 12:40:57 #6 type.registry] 
New type java.util.Vector<domain.Question>

[2021-02-28 12:40:57 #7 type.registry] 
New type java.util.Vector<java.lang.Object>

------------------------------------------------------------------------------------------------------------------------

[2021-02-28 12:41:07 #1 store] 
Database '/home/mikel/Bets21-master/src/main/resources/bets.temp' is opened by 159310@mikel-pc

[2021-02-28 12:41:07 #2 type.registry] 
New type domain.Question

[2021-02-28 12:41:07 #3 type] 
Type domain.Question is not enhanced.

[2021-02-28 12:41:07 #4 type.registry] 
New type domain.Event

[2021-02-28 12:41:07 #5 type] 
Type domain.Event is not enhanced.

[2021-02-28 12:41:07 #6 type.registry] 
New type java.util.Vector<domain.Question>

[2021-02-28 12:41:07 #7 type.registry] 
New type java.util.Vector<java.lang.Object>

[2021-02-28 12:41:28 #8 type.registry] 
New type domain.Erabiltzailea

[2021-02-28 12:41:28 #9 type] 
Type domain.Erabiltzailea is not enhanced.

------------------------------------------------------------------------------------------------------------------------

[2021-02-28 12:42:10 #1 store] 
Database '/home/mikel/Bets21-master/src/main/resources/bets.temp' is opened by 160019@mikel-pc

[2021-02-28 12:42:11 #2 type.registry] 
New type domain.Question

[2021-02-28 12:42:11 #3 type] 
Type domain.Question is not enhanced.

[2021-02-28 12:42:11 #4 type.registry] 
New type domain.Event

[2021-02-28 12:42:11 #5 type] 
Type domain.Event is not enhanced.

[2021-02-28 12:42:11 #6 type.registry] 
New type java.util.Vector<domain.Question>

[2021-02-28 12:42:11 #7 type.registry] 
New type java.util.Vector<java.lang.Object>

[2021-02-28 12:42:24 #8 type.registry] 
New type domain.Erabiltzailea

[2021-02-28 12:42:24 #9 type] 
Type domain.Erabiltzailea is not enhanced.

[2021-02-28 12:42:24 #10 type.registry] 
New type domain.Admin

[2021-02-28 12:42:24 #11 type] 
Type domain.Admin is not enhanced.

------------------------------------------------------------------------------------------------------------------------

[2021-02-28 12:48:21 #1 store] 
Database '/home/mikel/Bets21-master/src/main/resources/bets.temp' is opened by 164093@mikel-pc

[2021-02-28 12:48:21 #2 type.registry] 
New type domain.Question

[2021-02-28 12:48:21 #3 type] 
Type domain.Question is not enhanced.

[2021-02-28 12:48:21 #4 type.registry] 
New type domain.Event

[2021-02-28 12:48:21 #5 type] 
Type domain.Event is not enhanced.

[2021-02-28 12:48:21 #6 type.registry] 
New type java.util.Vector<domain.Question>

[2021-02-28 12:48:21 #7 type.registry] 
New type java.util.Vector<java.lang.Object>

------------------------------------------------------------------------------------------------------------------------

[2021-02-28 12:49:23 #1 store] 
Database '/home/mikel/Bets21-master/src/main/resources/bets.temp' is opened by 164821@mikel-pc

[2021-02-28 12:49:24 #2 type.registry] 
New type domain.Question

[2021-02-28 12:49:24 #3 type] 
Type domain.Question is not enhanced.

[2021-02-28 12:49:24 #4 type.registry] 
New type domain.Event

[2021-02-28 12:49:24 #5 type] 
Type domain.Event is not enhanced.

[2021-02-28 12:49:24 #6 type.registry] 
New type java.util.Vector<domain.Question>

[2021-02-28 12:49:24 #7 type.registry] 
New type java.util.Vector<java.lang.Object>

------------------------------------------------------------------------------------------------------------------------

[2021-02-28 12:49:33 #1 store] 
Database '/home/mikel/Bets21-master/src/main/resources/bets.temp' is opened by 164976@mikel-pc

[2021-02-28 12:49:33 #2 type.registry] 
New type domain.Question

[2021-02-28 12:49:33 #3 type] 
Type domain.Question is not enhanced.

[2021-02-28 12:49:33 #4 type.registry] 
New type domain.Event

[2021-02-28 12:49:33 #5 type] 
Type domain.Event is not enhanced.

[2021-02-28 12:49:33 #6 type.registry] 
New type java.util.Vector<domain.Question>

[2021-02-28 12:49:33 #7 type.registry] 
New type java.util.Vector<java.lang.Object>

[2021-02-28 12:49:58 #8 type.registry] 
New type domain.Erabiltzailea

[2021-02-28 12:49:58 #9 type] 
Type domain.Erabiltzailea is not enhanced.

[2021-02-28 12:49:58 #10 type.registry] 
New type domain.Admin

[2021-02-28 12:49:58 #11 type] 
Type domain.Admin is not enhanced.

------------------------------------------------------------------------------------------------------------------------

[2021-02-28 12:51:24 #1 store] 
Database '/home/mikel/Bets21-master/src/main/resources/bets.temp' is opened by 166270@mikel-pc

[2021-02-28 12:51:24 #2 type.registry] 
New type domain.Question

[2021-02-28 12:51:24 #3 type] 
Type domain.Question is not enhanced.

[2021-02-28 12:51:24 #4 type.registry] 
New type domain.Event

[2021-02-28 12:51:24 #5 type] 
Type domain.Event is not enhanced.

[2021-02-28 12:51:24 #6 type.registry] 
New type java.util.Vector<domain.Question>

[2021-02-28 12:51:24 #7 type.registry] 
New type java.util.Vector<java.lang.Object>

------------------------------------------------------------------------------------------------------------------------

[2021-02-28 12:51:56 #1 store] 
Database '/home/mikel/Bets21-master/src/main/resources/bets.temp' is opened by 166640@mikel-pc

[2021-02-28 12:51:56 #2 type.registry] 
New type domain.Question

[2021-02-28 12:51:56 #3 type] 
Type domain.Question is not enhanced.

[2021-02-28 12:51:56 #4 type.registry] 
New type domain.Event

[2021-02-28 12:51:56 #5 type] 
Type domain.Event is not enhanced.

[2021-02-28 12:51:57 #6 type.registry] 
New type java.util.Vector<domain.Question>

[2021-02-28 12:51:57 #7 type.registry] 
New type java.util.Vector<java.lang.Object>

------------------------------------------------------------------------------------------------------------------------

[2021-02-28 12:52:17 #1 store] 
Database '/home/mikel/Bets21-master/src/main/resources/bets.temp' is opened by 166930@mikel-pc

[2021-02-28 12:52:17 #2 type.registry] 
New type domain.Question

[2021-02-28 12:52:17 #3 type] 
Type domain.Question is not enhanced.

[2021-02-28 12:52:17 #4 type.registry] 
New type domain.Event

[2021-02-28 12:52:17 #5 type] 
Type domain.Event is not enhanced.

[2021-02-28 12:52:17 #6 type.registry] 
New type java.util.Vector<domain.Question>

[2021-02-28 12:52:17 #7 type.registry] 
New type java.util.Vector<java.lang.Object>

------------------------------------------------------------------------------------------------------------------------

[2021-02-28 12:52:25 #1 store] 
Database '/home/mikel/Bets21-master/src/main/resources/bets.temp' is opened by 167066@mikel-pc

[2021-02-28 12:52:25 #2 type.registry] 
New type domain.Question

[2021-02-28 12:52:25 #3 type] 
Type domain.Question is not enhanced.

[2021-02-28 12:52:25 #4 type.registry] 
New type domain.Event

[2021-02-28 12:52:25 #5 type] 
Type domain.Event is not enhanced.

[2021-02-28 12:52:25 #6 type.registry] 
New type java.util.Vector<domain.Question>

[2021-02-28 12:52:25 #7 type.registry] 
New type java.util.Vector<java.lang.Object>

[2021-02-28 12:52:41 #8 type.registry] 
New type domain.Erabiltzailea

[2021-02-28 12:52:41 #9 type] 
Type domain.Erabiltzailea is not enhanced.

[2021-02-28 12:52:41 #10 type.registry] 
New type domain.Admin

[2021-02-28 12:52:41 #11 type] 
Type domain.Admin is not enhanced.

------------------------------------------------------------------------------------------------------------------------

[2021-02-28 12:53:21 #1 store] 
Database '/home/mikel/Bets21-master/src/main/resources/bets.temp' is opened by 167715@mikel-pc

[2021-02-28 12:53:21 #2 type.registry] 
New type domain.Question

[2021-02-28 12:53:21 #3 type] 
Type domain.Question is not enhanced.

[2021-02-28 12:53:21 #4 type.registry] 
New type domain.Event

[2021-02-28 12:53:21 #5 type] 
Type domain.Event is not enhanced.

[2021-02-28 12:53:21 #6 type.registry] 
New type java.util.Vector<domain.Question>

[2021-02-28 12:53:21 #7 type.registry] 
New type java.util.Vector<java.lang.Object>

[2021-02-28 12:53:33 #8 type.registry] 
New type domain.Erabiltzailea

[2021-02-28 12:53:33 #9 type] 
Type domain.Erabiltzailea is not enhanced.

[2021-02-28 12:53:33 #10 type.registry] 
New type domain.Admin

[2021-02-28 12:53:33 #11 type] 
Type domain.Admin is not enhanced.

------------------------------------------------------------------------------------------------------------------------

[2021-02-28 12:54:04 #1 store] 
Database '/home/mikel/Bets21-master/src/main/resources/bets.temp' is opened by 168244@mikel-pc

[2021-02-28 12:54:05 #2 type.registry] 
New type domain.Question

[2021-02-28 12:54:05 #3 type] 
Type domain.Question is not enhanced.

[2021-02-28 12:54:05 #4 type.registry] 
New type domain.Event

[2021-02-28 12:54:05 #5 type] 
Type domain.Event is not enhanced.

[2021-02-28 12:54:05 #6 type.registry] 
New type java.util.Vector<domain.Question>

[2021-02-28 12:54:05 #7 type.registry] 
New type java.util.Vector<java.lang.Object>

[2021-02-28 12:54:22 #8 type.registry] 
New type domain.Erabiltzailea

[2021-02-28 12:54:22 #9 type] 
Type domain.Erabiltzailea is not enhanced.

[2021-02-28 12:54:22 #10 type.registry] 
New type domain.Admin

[2021-02-28 12:54:22 #11 type] 
Type domain.Admin is not enhanced.

------------------------------------------------------------------------------------------------------------------------

[2021-02-28 12:56:01 #1 store] 
Database '/home/mikel/Bets21-master/src/main/resources/bets.temp' is opened by 169479@mikel-pc

[2021-02-28 12:56:01 #2 type] 
Type domain.Question is not enhanced.

[2021-02-28 12:56:01 #3 type] 
Type domain.Event is not enhanced.

[2021-02-28 12:56:01 #4 type] 
Type domain.Erabiltzailea is not enhanced.

[2021-02-28 12:56:01 #5 type] 
Type domain.Admin is not enhanced.

------------------------------------------------------------------------------------------------------------------------

[2021-02-28 12:56:48 #1 store] 
Database '/home/mikel/Bets21-master/src/main/resources/bets.temp' is opened by 169963@mikel-pc

[2021-02-28 12:56:48 #2 type] 
Type domain.Question is not enhanced.

[2021-02-28 12:56:48 #3 type] 
Type domain.Event is not enhanced.

[2021-02-28 12:56:48 #4 type] 
Type domain.Erabiltzailea is not enhanced.

[2021-02-28 12:56:48 #5 type] 
Type domain.Admin is not enhanced.

------------------------------------------------------------------------------------------------------------------------

[2021-02-28 12:57:30 #1 store] 
Database '/home/mikel/Bets21-master/src/main/resources/bets.temp' is opened by 170458@mikel-pc

[2021-02-28 12:57:30 #2 type] 
Type domain.Question is not enhanced.

[2021-02-28 12:57:30 #3 type] 
Type domain.Event is not enhanced.

[2021-02-28 12:57:30 #4 type] 
Type domain.Erabiltzailea is not enhanced.

[2021-02-28 12:57:30 #5 type] 
Type domain.Admin is not enhanced.

------------------------------------------------------------------------------------------------------------------------

[2021-02-28 13:05:45 #1 store] 
Database '/home/mikel/Bets21-master/src/main/resources/bets.temp' is opened by 176093@mikel-pc

[2021-02-28 13:05:45 #2 type.registry] 
New type domain.Question

[2021-02-28 13:05:45 #3 type] 
Type domain.Question is not enhanced.

[2021-02-28 13:05:45 #4 type.registry] 
New type domain.Event

[2021-02-28 13:05:45 #5 type] 
Type domain.Event is not enhanced.

[2021-02-28 13:05:45 #6 type.registry] 
New type java.util.Vector<domain.Question>

[2021-02-28 13:05:45 #7 type.registry] 
New type java.util.Vector<java.lang.Object>

------------------------------------------------------------------------------------------------------------------------

[2021-02-28 13:07:22 #1 store] 
Database '/home/mikel/Bets21-master/src/main/resources/bets.temp' is opened by 177128@mikel-pc

[2021-02-28 13:07:22 #2 type.registry] 
New type domain.Question

[2021-02-28 13:07:22 #3 type] 
Type domain.Question is not enhanced.

[2021-02-28 13:07:22 #4 type.registry] 
New type domain.Event

[2021-02-28 13:07:22 #5 type] 
Type domain.Event is not enhanced.

[2021-02-28 13:07:22 #6 type.registry] 
New type java.util.Vector<domain.Question>

[2021-02-28 13:07:22 #7 type.registry] 
New type java.util.Vector<java.lang.Object>

------------------------------------------------------------------------------------------------------------------------

[2021-02-28 13:43:34 #1 store] 
Database '/home/mikel/Bets21-master/src/main/resources/bets.temp' is opened by 202087@mikel-pc

[2021-02-28 13:43:35 #2 type.registry] 
New type domain.Question

[2021-02-28 13:43:35 #3 type] 
Type domain.Question is not enhanced.

[2021-02-28 13:43:35 #4 type.registry] 
New type domain.Event

[2021-02-28 13:43:35 #5 type] 
Type domain.Event is not enhanced.

[2021-02-28 13:43:35 #6 type.registry] 
New type java.util.Vector<domain.Question>

[2021-02-28 13:43:35 #7 type.registry] 
New type java.util.Vector<java.lang.Object>

------------------------------------------------------------------------------------------------------------------------

[2021-02-28 13:43:44 #1 store] 
Database '/home/mikel/Bets21-master/src/main/resources/bets.temp' is opened by 202242@mikel-pc

[2021-02-28 13:43:45 #2 type.registry] 
New type domain.Question

[2021-02-28 13:43:45 #3 type] 
Type domain.Question is not enhanced.

[2021-02-28 13:43:45 #4 type.registry] 
New type domain.Event

[2021-02-28 13:43:45 #5 type] 
Type domain.Event is not enhanced.

[2021-02-28 13:43:45 #6 type.registry] 
New type java.util.Vector<domain.Question>

[2021-02-28 13:43:45 #7 type.registry] 
New type java.util.Vector<java.lang.Object>

[2021-02-28 13:43:52 #8 type.registry] 
New type domain.Erabiltzailea

[2021-02-28 13:43:52 #9 type] 
Type domain.Erabiltzailea is not enhanced.

[2021-02-28 13:43:52 #10 type.registry] 
New type domain.Admin

[2021-02-28 13:43:52 #11 type] 
Type domain.Admin is not enhanced.

------------------------------------------------------------------------------------------------------------------------

[2021-02-28 13:46:50 #1 store] 
Database '/home/mikel/Bets21-master/src/main/resources/bets.temp' is opened by 204117@mikel-pc

[2021-02-28 13:46:51 #2 type.registry] 
New type domain.Question

[2021-02-28 13:46:51 #3 type] 
Type domain.Question is not enhanced.

[2021-02-28 13:46:51 #4 type.registry] 
New type domain.Event

[2021-02-28 13:46:51 #5 type] 
Type domain.Event is not enhanced.

[2021-02-28 13:46:51 #6 type.registry] 
New type java.util.Vector<domain.Question>

[2021-02-28 13:46:51 #7 type.registry] 
New type java.util.Vector<java.lang.Object>

[2021-02-28 13:47:00 #8 type.registry] 
New type domain.Erabiltzailea

[2021-02-28 13:47:00 #9 type] 
Type domain.Erabiltzailea is not enhanced.

[2021-02-28 13:47:01 #10 type.registry] 
New type domain.Admin

[2021-02-28 13:47:01 #11 type] 
Type domain.Admin is not enhanced.

------------------------------------------------------------------------------------------------------------------------

[2021-02-28 13:47:56 #1 store] 
Database '/home/mikel/Bets21-master/src/main/resources/bets.temp' is opened by 204888@mikel-pc

[2021-02-28 13:47:57 #2 type.registry] 
New type domain.Question

[2021-02-28 13:47:57 #3 type] 
Type domain.Question is not enhanced.

[2021-02-28 13:47:57 #4 type.registry] 
New type domain.Event

[2021-02-28 13:47:57 #5 type] 
Type domain.Event is not enhanced.

[2021-02-28 13:47:57 #6 type.registry] 
New type java.util.Vector<domain.Question>

[2021-02-28 13:47:57 #7 type.registry] 
New type java.util.Vector<java.lang.Object>

[2021-02-28 13:48:09 #8 type.registry] 
New type domain.Erabiltzailea

[2021-02-28 13:48:09 #9 type] 
Type domain.Erabiltzailea is not enhanced.

[2021-02-28 13:48:09 #10 type.registry] 
New type domain.Admin

[2021-02-28 13:48:09 #11 type] 
Type domain.Admin is not enhanced.

------------------------------------------------------------------------------------------------------------------------

[2021-02-28 13:54:57 #1 store] 
Database '/home/mikel/Bets21-master/src/main/resources/bets.temp' is opened by 209193@mikel-pc

[2021-02-28 13:54:57 #2 type.registry] 
New type domain.Question

[2021-02-28 13:54:57 #3 type] 
Type domain.Question is not enhanced.

[2021-02-28 13:54:57 #4 type.registry] 
New type domain.Event

[2021-02-28 13:54:57 #5 type] 
Type domain.Event is not enhanced.

[2021-02-28 13:54:57 #6 type.registry] 
New type java.util.Vector<domain.Question>

[2021-02-28 13:54:57 #7 type.registry] 
New type java.util.Vector<java.lang.Object>

[2021-02-28 13:55:05 #8 type.registry] 
New type domain.Erabiltzailea

[2021-02-28 13:55:05 #9 type] 
Type domain.Erabiltzailea is not enhanced.

------------------------------------------------------------------------------------------------------------------------

[2021-02-28 13:55:19 #1 store] 
Database '/home/mikel/Bets21-master/src/main/resources/bets.temp' is opened by 209470@mikel-pc

[2021-02-28 13:55:19 #2 type.registry] 
New type domain.Question

[2021-02-28 13:55:19 #3 type] 
Type domain.Question is not enhanced.

[2021-02-28 13:55:19 #4 type.registry] 
New type domain.Event

[2021-02-28 13:55:19 #5 type] 
Type domain.Event is not enhanced.

[2021-02-28 13:55:19 #6 type.registry] 
New type java.util.Vector<domain.Question>

[2021-02-28 13:55:19 #7 type.registry] 
New type java.util.Vector<java.lang.Object>

[2021-02-28 13:55:32 #8 type.registry] 
New type domain.Erabiltzailea

[2021-02-28 13:55:32 #9 type] 
Type domain.Erabiltzailea is not enhanced.

[2021-02-28 13:55:32 #10 type.registry] 
New type domain.Admin

[2021-02-28 13:55:32 #11 type] 
Type domain.Admin is not enhanced.

------------------------------------------------------------------------------------------------------------------------

[2021-02-28 13:57:10 #1 store] 
Database '/home/mikel/Bets21-master/src/main/resources/bets.temp' is opened by 210741@mikel-pc

[2021-02-28 13:57:11 #2 type.registry] 
New type domain.Question

[2021-02-28 13:57:11 #3 type] 
Type domain.Question is not enhanced.

[2021-02-28 13:57:11 #4 type.registry] 
New type domain.Event

[2021-02-28 13:57:11 #5 type] 
Type domain.Event is not enhanced.

[2021-02-28 13:57:11 #6 type.registry] 
New type java.util.Vector<domain.Question>

[2021-02-28 13:57:11 #7 type.registry] 
New type java.util.Vector<java.lang.Object>

[2021-02-28 13:57:42 #8 type.registry] 
New type domain.Erabiltzailea

[2021-02-28 13:57:42 #9 type] 
Type domain.Erabiltzailea is not enhanced.

[2021-02-28 13:57:42 #10 type.registry] 
New type domain.Admin

[2021-02-28 13:57:42 #11 type] 
Type domain.Admin is not enhanced.

------------------------------------------------------------------------------------------------------------------------

[2021-02-28 16:41:28 #1 store] 
Database '/home/mikel/Bets21-master/src/main/resources/bets.temp' is opened by 276596@mikel-pc

[2021-02-28 16:41:29 #2 type.registry] 
New type domain.Question

[2021-02-28 16:41:29 #3 type] 
Type domain.Question is not enhanced.

[2021-02-28 16:41:29 #4 type.registry] 
New type domain.Event

[2021-02-28 16:41:29 #5 type] 
Type domain.Event is not enhanced.

[2021-02-28 16:41:29 #6 type.registry] 
New type java.util.Vector<domain.Question>

[2021-02-28 16:41:29 #7 type.registry] 
New type java.util.Vector<java.lang.Object>

[2021-02-28 16:41:52 #8 type.registry] 
New type domain.Erabiltzailea

[2021-02-28 16:41:52 #9 type] 
Type domain.Erabiltzailea is not enhanced.

------------------------------------------------------------------------------------------------------------------------

[2021-02-28 16:41:59 #1 store] 
Database '/home/mikel/Bets21-master/src/main/resources/bets.temp' is opened by 276936@mikel-pc

[2021-02-28 16:41:59 #2 type.registry] 
New type domain.Question

[2021-02-28 16:41:59 #3 type] 
Type domain.Question is not enhanced.

[2021-02-28 16:41:59 #4 type.registry] 
New type domain.Event

[2021-02-28 16:41:59 #5 type] 
Type domain.Event is not enhanced.

[2021-02-28 16:41:59 #6 type.registry] 
New type java.util.Vector<domain.Question>

[2021-02-28 16:41:59 #7 type.registry] 
New type java.util.Vector<java.lang.Object>

[2021-02-28 16:42:12 #8 type.registry] 
New type domain.Erabiltzailea

[2021-02-28 16:42:12 #9 type] 
Type domain.Erabiltzailea is not enhanced.

[2021-02-28 16:42:12 #10 type.registry] 
New type domain.Admin

[2021-02-28 16:42:12 #11 type] 
Type domain.Admin is not enhanced.

------------------------------------------------------------------------------------------------------------------------

[2021-02-28 16:56:21 #1 store] 
Database '/home/mikel/Bets21-master/src/main/resources/bets.temp' is opened by 286487@mikel-pc

[2021-02-28 16:56:21 #2 type.registry] 
New type domain.Question

[2021-02-28 16:56:21 #3 type] 
Type domain.Question is not enhanced.

[2021-02-28 16:56:21 #4 type.registry] 
New type domain.Event

[2021-02-28 16:56:21 #5 type] 
Type domain.Event is not enhanced.

[2021-02-28 16:56:21 #6 type.registry] 
New type java.util.Vector<domain.Question>

[2021-02-28 16:56:21 #7 type.registry] 
New type java.util.Vector<java.lang.Object>

------------------------------------------------------------------------------------------------------------------------

[2021-02-28 17:05:37 #1 store] 
Database '/home/mikel/Bets21-master/src/main/resources/bets.temp' is opened by 292441@mikel-pc

[2021-02-28 17:05:37 #2 type.registry] 
New type domain.Question

[2021-02-28 17:05:37 #3 type] 
Type domain.Question is not enhanced.

[2021-02-28 17:05:37 #4 type.registry] 
New type domain.Event

[2021-02-28 17:05:37 #5 type] 
Type domain.Event is not enhanced.

[2021-02-28 17:05:38 #6 type.registry] 
New type java.util.Vector<domain.Question>

[2021-02-28 17:05:38 #7 type.registry] 
New type java.util.Vector<java.lang.Object>

[2021-02-28 17:05:47 #8 type.registry] 
New type domain.Erabiltzailea

[2021-02-28 17:05:47 #9 type] 
Type domain.Erabiltzailea is not enhanced.

[2021-02-28 17:05:47 #10 type.registry] 
New type domain.Admin

[2021-02-28 17:05:47 #11 type] 
Type domain.Admin is not enhanced.

------------------------------------------------------------------------------------------------------------------------

[2021-02-28 17:06:19 #1 store] 
Database '/home/mikel/Bets21-master/src/main/resources/bets.temp' is opened by 292927@mikel-pc

[2021-02-28 17:06:19 #2 type.registry] 
New type domain.Question

[2021-02-28 17:06:19 #3 type] 
Type domain.Question is not enhanced.

[2021-02-28 17:06:19 #4 type.registry] 
New type domain.Event

[2021-02-28 17:06:19 #5 type] 
Type domain.Event is not enhanced.

[2021-02-28 17:06:19 #6 type.registry] 
New type java.util.Vector<domain.Question>

[2021-02-28 17:06:19 #7 type.registry] 
New type java.util.Vector<java.lang.Object>

------------------------------------------------------------------------------------------------------------------------

[2021-02-28 17:08:55 #1 store] 
Database '/home/mikel/Bets21-master/src/main/resources/bets.temp' is opened by 294576@mikel-pc

[2021-02-28 17:08:55 #2 type] 
Type domain.Question is not enhanced.

[2021-02-28 17:08:55 #3 type] 
Type domain.Event is not enhanced.

[2021-02-28 17:09:06 #4 type.registry] 
New type domain.Erabiltzailea

[2021-02-28 17:09:06 #5 type] 
Type domain.Erabiltzailea is not enhanced.

[2021-02-28 17:09:06 #6 type.registry] 
New type domain.Admin

[2021-02-28 17:09:06 #7 type] 
Type domain.Admin is not enhanced.

------------------------------------------------------------------------------------------------------------------------

[2021-02-28 17:28:23 #1 store] 
Database '/home/mikel/Bets21-master/src/main/resources/bets.temp' is opened by 309890@mikel-pc

[2021-02-28 17:28:23 #2 type] 
Type domain.Question is not enhanced.

[2021-02-28 17:28:23 #3 type] 
Type domain.Event is not enhanced.

[2021-02-28 17:28:23 #4 type] 
Type domain.Erabiltzailea is not enhanced.

[2021-02-28 17:28:23 #5 type] 
Type domain.Admin is not enhanced.

[2021-02-28 17:28:47 #6 type.registry] 
New type domain.Erregistratua

[2021-02-28 17:28:47 #7 type] 
Type domain.Erregistratua is not enhanced.

------------------------------------------------------------------------------------------------------------------------

[2021-02-28 17:31:49 #1 store] 
Database '/home/mikel/Bets21-master/src/main/resources/bets.temp' is opened by 312238@mikel-pc

[2021-02-28 17:31:59 #2 type.registry] 
New type domain.Erabiltzailea

[2021-02-28 17:31:59 #3 type] 
Type domain.Erabiltzailea is not enhanced.

[2021-02-28 17:31:59 #4 type.registry] 
New type domain.Admin

[2021-02-28 17:31:59 #5 type] 
Type domain.Admin is not enhanced.

[2021-02-28 17:32:06 #6 type.registry] 
New type domain.Erregistratua

[2021-02-28 17:32:06 #7 type] 
Type domain.Erregistratua is not enhanced.

------------------------------------------------------------------------------------------------------------------------

[2021-02-28 17:33:06 #1 store] 
Database '/home/mikel/Bets21-master/src/main/resources/bets.temp' is opened by 313140@mikel-pc

[2021-02-28 17:33:06 #2 type.registry] 
New type domain.Question

[2021-02-28 17:33:06 #3 type] 
Type domain.Question is not enhanced.

[2021-02-28 17:33:06 #4 type.registry] 
New type domain.Event

[2021-02-28 17:33:06 #5 type] 
Type domain.Event is not enhanced.

[2021-02-28 17:33:07 #6 type.registry] 
New type java.util.Vector<domain.Question>

[2021-02-28 17:33:07 #7 type.registry] 
New type java.util.Vector<java.lang.Object>

[2021-02-28 17:33:16 #8 type.registry] 
New type domain.Erabiltzailea

[2021-02-28 17:33:16 #9 type] 
Type domain.Erabiltzailea is not enhanced.

[2021-02-28 17:33:16 #10 type.registry] 
New type domain.Erregistratua

[2021-02-28 17:33:16 #11 type] 
Type domain.Erregistratua is not enhanced.

[2021-02-28 17:33:16 #12 type.registry] 
New type domain.Admin

[2021-02-28 17:33:16 #13 type] 
Type domain.Admin is not enhanced.

------------------------------------------------------------------------------------------------------------------------

[2021-02-28 17:33:58 #1 store] 
Database '/home/mikel/Bets21-master/src/main/resources/bets.temp' is opened by 313752@mikel-pc

[2021-02-28 17:33:58 #2 type] 
Type domain.Question is not enhanced.

[2021-02-28 17:33:58 #3 type] 
Type domain.Event is not enhanced.

[2021-02-28 17:33:58 #4 type] 
Type domain.Erabiltzailea is not enhanced.

[2021-02-28 17:33:58 #5 type] 
Type domain.Erregistratua is not enhanced.

[2021-02-28 17:33:58 #6 type] 
Type domain.Admin is not enhanced.

------------------------------------------------------------------------------------------------------------------------

[2021-02-28 17:41:02 #1 store] 
Database '/home/mikel/Bets21-master/src/main/resources/bets.temp' is opened by 318152@mikel-pc

[2021-02-28 17:41:02 #2 type] 
Type domain.Question is not enhanced.

[2021-02-28 17:41:02 #3 type] 
Type domain.Event is not enhanced.

[2021-02-28 17:41:02 #4 type] 
Type domain.Erabiltzailea is not enhanced.

[2021-02-28 17:41:02 #5 type] 
Type domain.Erregistratua is not enhanced.

[2021-02-28 17:41:02 #6 type] 
Type domain.Admin is not enhanced.

------------------------------------------------------------------------------------------------------------------------

[2021-02-28 17:41:42 #1 store] 
Database '/home/mikel/Bets21-master/src/main/resources/bets.temp' is opened by 318579@mikel-pc

[2021-02-28 17:41:43 #2 type] 
Type domain.Question is not enhanced.

[2021-02-28 17:41:43 #3 type] 
Type domain.Event is not enhanced.

[2021-02-28 17:41:43 #4 type] 
Type domain.Erabiltzailea is not enhanced.

[2021-02-28 17:41:43 #5 type] 
Type domain.Erregistratua is not enhanced.

[2021-02-28 17:41:43 #6 type] 
Type domain.Admin is not enhanced.

------------------------------------------------------------------------------------------------------------------------

[2021-02-28 17:42:53 #1 store] 
Database '/home/mikel/Bets21-master/src/main/resources/bets.temp' is opened by 319410@mikel-pc

[2021-02-28 17:42:54 #2 type] 
Type domain.Question is not enhanced.

[2021-02-28 17:42:54 #3 type] 
Type domain.Event is not enhanced.

[2021-02-28 17:42:54 #4 type] 
Type domain.Erabiltzailea is not enhanced.

[2021-02-28 17:42:54 #5 type] 
Type domain.Erregistratua is not enhanced.

[2021-02-28 17:42:54 #6 type] 
Type domain.Admin is not enhanced.

------------------------------------------------------------------------------------------------------------------------

[2021-02-28 17:44:19 #1 store] 
Database '/home/mikel/Bets21-master/src/main/resources/bets.temp' is opened by 320183@mikel-pc

[2021-02-28 17:44:20 #2 type] 
Type domain.Question is not enhanced.

[2021-02-28 17:44:20 #3 type] 
Type domain.Event is not enhanced.

[2021-02-28 17:44:20 #4 type] 
Type domain.Erabiltzailea is not enhanced.

[2021-02-28 17:44:20 #5 type] 
Type domain.Erregistratua is not enhanced.

[2021-02-28 17:44:20 #6 type] 
Type domain.Admin is not enhanced.

------------------------------------------------------------------------------------------------------------------------

[2021-02-28 17:45:44 #1 store] 
Database '/home/mikel/Bets21-master/src/main/resources/bets.temp' is opened by 321184@mikel-pc

[2021-02-28 17:45:45 #2 type] 
Type domain.Question is not enhanced.

[2021-02-28 17:45:45 #3 type] 
Type domain.Event is not enhanced.

[2021-02-28 17:45:45 #4 type] 
Type domain.Erabiltzailea is not enhanced.

[2021-02-28 17:45:45 #5 type] 
Type domain.Erregistratua is not enhanced.

[2021-02-28 17:45:45 #6 type] 
Type domain.Admin is not enhanced.

------------------------------------------------------------------------------------------------------------------------

[2021-02-28 17:57:13 #1 store] 
Database '/home/mikel/Bets21-master/src/main/resources/bets.temp' is opened by 328282@mikel-pc

[2021-02-28 17:57:13 #2 type.registry] 
New type domain.Question

[2021-02-28 17:57:13 #3 type] 
Type domain.Question is not enhanced.

[2021-02-28 17:57:13 #4 type.registry] 
New type domain.Event

[2021-02-28 17:57:14 #5 type] 
Type domain.Event is not enhanced.

[2021-02-28 17:57:14 #6 type.registry] 
New type java.util.Vector<domain.Question>

[2021-02-28 17:57:14 #7 type.registry] 
New type java.util.Vector<java.lang.Object>

[2021-02-28 17:57:24 #8 type.registry] 
New type domain.Erabiltzailea

[2021-02-28 17:57:24 #9 type] 
Type domain.Erabiltzailea is not enhanced.

[2021-02-28 17:57:24 #10 type.registry] 
New type domain.Erregistratua

[2021-02-28 17:57:24 #11 type] 
Type domain.Erregistratua is not enhanced.

[2021-02-28 17:57:24 #12 type.registry] 
New type domain.Admin

[2021-02-28 17:57:24 #13 type] 
Type domain.Admin is not enhanced.

------------------------------------------------------------------------------------------------------------------------

[2021-02-28 18:07:26 #1 store] 
Database '/home/mikel/Bets21-master/src/main/resources/bets.temp' is opened by 335017@mikel-pc

[2021-02-28 18:07:26 #2 type] 
Type domain.Question is not enhanced.

[2021-02-28 18:07:26 #3 type] 
Type domain.Event is not enhanced.

[2021-02-28 18:07:26 #4 type] 
Type domain.Erabiltzailea is not enhanced.

[2021-02-28 18:07:26 #5 type] 
Type domain.Erregistratua is not enhanced.

[2021-02-28 18:07:26 #6 type] 
Type domain.Admin is not enhanced.

------------------------------------------------------------------------------------------------------------------------

[2021-02-28 18:17:35 #1 store] 
Database '/home/mikel/Bets21-master/src/main/resources/bets.temp' is opened by 340173@mikel-pc

[2021-02-28 18:17:35 #2 type] 
Type domain.Question is not enhanced.

[2021-02-28 18:17:35 #3 type] 
Type domain.Event is not enhanced.

[2021-02-28 18:17:35 #4 type] 
Type domain.Erabiltzailea is not enhanced.

[2021-02-28 18:17:35 #5 type] 
Type domain.Erregistratua is not enhanced.

[2021-02-28 18:17:35 #6 type] 
Type domain.Admin is not enhanced.

------------------------------------------------------------------------------------------------------------------------

[2021-02-28 18:33:02 #1 store] 
Database '/home/mikel/Bets21-master/src/main/resources/bets.temp' is opened by 351176@mikel-pc

[2021-02-28 18:33:02 #2 type] 
Type domain.Question is not enhanced.

[2021-02-28 18:33:02 #3 type] 
Type domain.Event is not enhanced.

[2021-02-28 18:33:02 #4 type] 
Type domain.Erabiltzailea is not enhanced.

[2021-02-28 18:33:02 #5 type] 
Type domain.Erregistratua is not enhanced.

[2021-02-28 18:33:02 #6 type] 
Type domain.Admin is not enhanced.

------------------------------------------------------------------------------------------------------------------------

[2021-02-28 18:33:39 #1 store] 
Database '/home/mikel/Bets21-master/src/main/resources/bets.temp' is opened by 351556@mikel-pc

[2021-02-28 18:33:39 #2 type] 
Type domain.Question is not enhanced.

[2021-02-28 18:33:39 #3 type] 
Type domain.Event is not enhanced.

[2021-02-28 18:33:39 #4 type] 
Type domain.Erabiltzailea is not enhanced.

[2021-02-28 18:33:39 #5 type] 
Type domain.Erregistratua is not enhanced.

[2021-02-28 18:33:39 #6 type] 
Type domain.Admin is not enhanced.

------------------------------------------------------------------------------------------------------------------------

[2021-02-28 18:34:05 #1 store] 
Database '/home/mikel/Bets21-master/src/main/resources/bets.temp' is opened by 351834@mikel-pc

[2021-02-28 18:34:05 #2 type] 
Type domain.Question is not enhanced.

[2021-02-28 18:34:05 #3 type] 
Type domain.Event is not enhanced.

[2021-02-28 18:34:05 #4 type] 
Type domain.Erabiltzailea is not enhanced.

[2021-02-28 18:34:05 #5 type] 
Type domain.Erregistratua is not enhanced.

[2021-02-28 18:34:05 #6 type] 
Type domain.Admin is not enhanced.

------------------------------------------------------------------------------------------------------------------------

[2021-02-28 18:35:48 #1 store] 
Database '/home/mikel/Bets21-master/src/main/resources/bets.temp' is opened by 352843@mikel-pc

[2021-02-28 18:35:48 #2 type] 
Type domain.Question is not enhanced.

[2021-02-28 18:35:48 #3 type] 
Type domain.Event is not enhanced.

[2021-02-28 18:35:48 #4 type] 
Type domain.Erabiltzailea is not enhanced.

[2021-02-28 18:35:48 #5 type] 
Type domain.Erregistratua is not enhanced.

[2021-02-28 18:35:48 #6 type] 
Type domain.Admin is not enhanced.

------------------------------------------------------------------------------------------------------------------------

[2021-02-28 18:39:40 #1 store] 
Database '/home/mikel/Bets21-master/src/main/resources/bets.temp' is opened by 354953@mikel-pc

[2021-02-28 18:39:40 #2 type] 
Type domain.Question is not enhanced.

[2021-02-28 18:39:40 #3 type] 
Type domain.Event is not enhanced.

[2021-02-28 18:39:40 #4 type] 
Type domain.Erabiltzailea is not enhanced.

[2021-02-28 18:39:40 #5 type] 
Type domain.Erregistratua is not enhanced.

[2021-02-28 18:39:40 #6 type] 
Type domain.Admin is not enhanced.

------------------------------------------------------------------------------------------------------------------------

[2021-02-28 18:45:00 #1 store] 
Database '/home/mikel/Bets21-master/src/main/resources/bets.temp' is opened by 357931@mikel-pc

[2021-02-28 18:45:00 #2 type] 
Type domain.Question is not enhanced.

[2021-02-28 18:45:00 #3 type] 
Type domain.Event is not enhanced.

[2021-02-28 18:45:00 #4 type] 
Type domain.Erabiltzailea is not enhanced.

[2021-02-28 18:45:00 #5 type] 
Type domain.Erregistratua is not enhanced.

[2021-02-28 18:45:00 #6 type] 
Type domain.Admin is not enhanced.

------------------------------------------------------------------------------------------------------------------------

[2021-02-28 18:45:31 #1 store] 
Database '/home/mikel/Bets21-master/src/main/resources/bets.temp' is opened by 358439@mikel-pc

[2021-02-28 18:45:31 #2 type.registry] 
New type domain.Question

[2021-02-28 18:45:31 #3 type] 
Type domain.Question is not enhanced.

[2021-02-28 18:45:31 #4 type.registry] 
New type domain.Event

[2021-02-28 18:45:31 #5 type] 
Type domain.Event is not enhanced.

[2021-02-28 18:45:31 #6 type.registry] 
New type java.util.Vector<domain.Question>

[2021-02-28 18:45:31 #7 type.registry] 
New type java.util.Vector<java.lang.Object>

[2021-02-28 18:45:43 #8 type.registry] 
New type domain.Erabiltzailea

[2021-02-28 18:45:43 #9 type] 
Type domain.Erabiltzailea is not enhanced.

[2021-02-28 18:45:43 #10 type.registry] 
New type domain.Admin

[2021-02-28 18:45:43 #11 type] 
Type domain.Admin is not enhanced.

------------------------------------------------------------------------------------------------------------------------

[2021-02-28 20:17:20 #1 store] 
Database '/home/mikel/Bets21-master/src/main/resources/bets.temp' is opened by 402294@mikel-pc

[2021-02-28 20:17:21 #2 type] 
Type domain.Question is not enhanced.

[2021-02-28 20:17:21 #3 type] 
Type domain.Event is not enhanced.

[2021-02-28 20:17:21 #4 type] 
Type domain.Erabiltzailea is not enhanced.

[2021-02-28 20:17:21 #5 type] 
Type domain.Admin is not enhanced.

------------------------------------------------------------------------------------------------------------------------

[2021-02-28 20:17:49 #1 store] 
Database '/home/mikel/Bets21-master/src/main/resources/bets.temp' is opened by 402686@mikel-pc

[2021-02-28 20:17:49 #2 type] 
Type domain.Question is not enhanced.

[2021-02-28 20:17:49 #3 type] 
Type domain.Event is not enhanced.

[2021-02-28 20:17:49 #4 type] 
Type domain.Erabiltzailea is not enhanced.

[2021-02-28 20:17:49 #5 type] 
Type domain.Admin is not enhanced.

------------------------------------------------------------------------------------------------------------------------

[2021-02-28 20:18:07 #1 store] 
Database '/home/mikel/Bets21-master/src/main/resources/bets.temp' is opened by 402892@mikel-pc

[2021-02-28 20:18:07 #2 type] 
Type domain.Question is not enhanced.

[2021-02-28 20:18:07 #3 type] 
Type domain.Event is not enhanced.

[2021-02-28 20:18:07 #4 type] 
Type domain.Erabiltzailea is not enhanced.

[2021-02-28 20:18:07 #5 type] 
Type domain.Admin is not enhanced.

------------------------------------------------------------------------------------------------------------------------

[2021-02-28 20:18:58 #1 store] 
Database '/home/mikel/Bets21-master/src/main/resources/bets.temp' is opened by 403388@mikel-pc

[2021-02-28 20:18:58 #2 type] 
Type domain.Question is not enhanced.

[2021-02-28 20:18:58 #3 type] 
Type domain.Event is not enhanced.

[2021-02-28 20:18:58 #4 type] 
Type domain.Erabiltzailea is not enhanced.

[2021-02-28 20:18:58 #5 type] 
Type domain.Admin is not enhanced.

