------------------------------------------------------------------------------------------------------------------------

[2021-03-29 17:18:48 #1 store] 
Database 'C:\Users\xabiu\OneDrive\Ordenagailua\2.Iterazioa\2iterazio\src\main\resources\bets.temp' is opened by 11196@LAPTOP-1MIN6PMA

[2021-03-29 17:18:48 #2 type] 
Type domain.Question is not enhanced.

[2021-03-29 17:18:48 #3 type] 
Type domain.Event is not enhanced.

[2021-03-29 17:18:48 #4 type] 
Type domain.Erabiltzailea is not enhanced.

[2021-03-29 17:18:48 #5 type] 
Type domain.Admin is not enhanced.

[2021-03-29 17:18:48 #6 type] 
Type domain.Erregistratua is not enhanced.

------------------------------------------------------------------------------------------------------------------------

[2021-03-29 17:20:05 #1 store] 
Database 'C:\Users\xabiu\OneDrive\Ordenagailua\2.Iterazioa\2iterazio\src\main\resources\bets.temp' is opened by 10608@LAPTOP-1MIN6PMA

[2021-03-29 17:20:05 #2 type] 
Type domain.Question is not enhanced.

[2021-03-29 17:20:05 #3 type] 
Type domain.Event is not enhanced.

[2021-03-29 17:20:05 #4 type] 
Type domain.Erabiltzailea is not enhanced.

[2021-03-29 17:20:05 #5 type] 
Type domain.Admin is not enhanced.

[2021-03-29 17:20:05 #6 type] 
Type domain.Erregistratua is not enhanced.

------------------------------------------------------------------------------------------------------------------------

[2021-03-29 17:30:10 #1 store] 
Database 'C:\Users\xabiu\OneDrive\Ordenagailua\2.Iterazioa\2iterazio\src\main\resources\bets.temp' is opened by 5632@LAPTOP-1MIN6PMA

[2021-03-29 17:30:10 #2 type] 
Type domain.Question is not enhanced.

[2021-03-29 17:30:10 #3 type] 
Type domain.Event is not enhanced.

[2021-03-29 17:30:10 #4 type] 
Type domain.Erabiltzailea is not enhanced.

[2021-03-29 17:30:10 #5 type] 
Type domain.Admin is not enhanced.

[2021-03-29 17:30:10 #6 type] 
Type domain.Erregistratua is not enhanced.

------------------------------------------------------------------------------------------------------------------------

[2021-03-29 17:30:16 #1 store] 
Database 'C:\Users\xabiu\OneDrive\Ordenagailua\2.Iterazioa\2iterazio\src\main\resources\bets.temp' is opened by 7764@LAPTOP-1MIN6PMA

[2021-03-29 17:30:16 #2 type] 
Type domain.Question is not enhanced.

[2021-03-29 17:30:16 #3 type] 
Type domain.Event is not enhanced.

[2021-03-29 17:30:16 #4 type] 
Type domain.Erabiltzailea is not enhanced.

[2021-03-29 17:30:16 #5 type] 
Type domain.Admin is not enhanced.

[2021-03-29 17:30:16 #6 type] 
Type domain.Erregistratua is not enhanced.

------------------------------------------------------------------------------------------------------------------------

[2021-03-29 17:30:40 #1 store] 
Database 'C:\Users\xabiu\OneDrive\Ordenagailua\2.Iterazioa\2iterazio\src\main\resources\bets.temp' is opened by 10464@LAPTOP-1MIN6PMA

[2021-03-29 17:30:40 #2 type] 
Type domain.Question is not enhanced.

[2021-03-29 17:30:40 #3 type] 
Type domain.Event is not enhanced.

[2021-03-29 17:30:40 #4 type] 
Type domain.Erabiltzailea is not enhanced.

[2021-03-29 17:30:40 #5 type] 
Type domain.Admin is not enhanced.

[2021-03-29 17:30:40 #6 type] 
Type domain.Erregistratua is not enhanced.

