------------------------------------------------------------------------------------------------------------------------

[2021-03-22 18:56:27 #1 store] 
Database 'C:\Users\xabiu\OneDrive\Ordenagailua\2.Iterazioa\2iterazio\src\main\resources\bets.temp' has been recovered (tr. 19-19)

[2021-03-22 18:56:27 #2 store] 
Database 'C:\Users\xabiu\OneDrive\Ordenagailua\2.Iterazioa\2iterazio\src\main\resources\bets.temp' is opened by 15012@LAPTOP-1MIN6PMA

[2021-03-22 18:56:27 #3 type] 
Type domain.Question is not enhanced.

[2021-03-22 18:56:27 #4 type] 
Type domain.Event is not enhanced.

[2021-03-22 18:56:27 #5 type] 
Type domain.Erabiltzailea is not enhanced.

[2021-03-22 18:56:27 #6 type] 
Type domain.Admin is not enhanced.

[2021-03-22 18:56:27 #7 type] 
Type domain.Erregistratua is not enhanced.

------------------------------------------------------------------------------------------------------------------------

[2021-03-22 18:59:18 #1 store] 
Database 'C:\Users\xabiu\OneDrive\Ordenagailua\2.Iterazioa\2iterazio\src\main\resources\bets.temp' has been recovered (tr. 20-20)

[2021-03-22 18:59:18 #2 store] 
Database 'C:\Users\xabiu\OneDrive\Ordenagailua\2.Iterazioa\2iterazio\src\main\resources\bets.temp' is opened by 15220@LAPTOP-1MIN6PMA

[2021-03-22 18:59:18 #3 type] 
Type domain.Question is not enhanced.

[2021-03-22 18:59:18 #4 type] 
Type domain.Event is not enhanced.

[2021-03-22 18:59:18 #5 type] 
Type domain.Erabiltzailea is not enhanced.

[2021-03-22 18:59:18 #6 type] 
Type domain.Admin is not enhanced.

[2021-03-22 18:59:18 #7 type] 
Type domain.Erregistratua is not enhanced.

------------------------------------------------------------------------------------------------------------------------

[2021-03-22 19:01:28 #1 store] 
Database 'C:\Users\xabiu\OneDrive\Ordenagailua\2.Iterazioa\2iterazio\src\main\resources\bets.temp' has been recovered (tr. 21-21)

[2021-03-22 19:01:28 #2 store] 
Database 'C:\Users\xabiu\OneDrive\Ordenagailua\2.Iterazioa\2iterazio\src\main\resources\bets.temp' is opened by 22996@LAPTOP-1MIN6PMA

[2021-03-22 19:01:28 #3 type] 
Type domain.Question is not enhanced.

[2021-03-22 19:01:28 #4 type] 
Type domain.Event is not enhanced.

[2021-03-22 19:01:28 #5 type] 
Type domain.Erabiltzailea is not enhanced.

[2021-03-22 19:01:28 #6 type] 
Type domain.Admin is not enhanced.

[2021-03-22 19:01:28 #7 type] 
Type domain.Erregistratua is not enhanced.

------------------------------------------------------------------------------------------------------------------------

[2021-03-22 19:02:22 #1 store] 
Database 'C:\Users\xabiu\OneDrive\Ordenagailua\2.Iterazioa\2iterazio\src\main\resources\bets.temp' has been recovered (tr. 22-22)

[2021-03-22 19:02:22 #2 store] 
Database 'C:\Users\xabiu\OneDrive\Ordenagailua\2.Iterazioa\2iterazio\src\main\resources\bets.temp' is opened by 17256@LAPTOP-1MIN6PMA

[2021-03-22 19:02:22 #3 type] 
Type domain.Question is not enhanced.

[2021-03-22 19:02:22 #4 type] 
Type domain.Event is not enhanced.

[2021-03-22 19:02:22 #5 type] 
Type domain.Erabiltzailea is not enhanced.

[2021-03-22 19:02:22 #6 type] 
Type domain.Admin is not enhanced.

[2021-03-22 19:02:22 #7 type] 
Type domain.Erregistratua is not enhanced.

------------------------------------------------------------------------------------------------------------------------

[2021-03-22 19:04:31 #1 store] 
Database 'C:\Users\xabiu\OneDrive\Ordenagailua\2.Iterazioa\2iterazio\src\main\resources\bets.temp' has been recovered (tr. 23-23)

[2021-03-22 19:04:31 #2 store] 
Database 'C:\Users\xabiu\OneDrive\Ordenagailua\2.Iterazioa\2iterazio\src\main\resources\bets.temp' is opened by 9204@LAPTOP-1MIN6PMA

[2021-03-22 19:04:32 #3 type] 
Type domain.Question is not enhanced.

[2021-03-22 19:04:32 #4 type] 
Type domain.Event is not enhanced.

[2021-03-22 19:04:32 #5 type] 
Type domain.Erabiltzailea is not enhanced.

[2021-03-22 19:04:32 #6 type] 
Type domain.Admin is not enhanced.

[2021-03-22 19:04:32 #7 type] 
Type domain.Erregistratua is not enhanced.

------------------------------------------------------------------------------------------------------------------------

[2021-03-22 19:06:27 #1 store] 
Database 'C:\Users\xabiu\OneDrive\Ordenagailua\2.Iterazioa\2iterazio\src\main\resources\bets.temp' has been recovered (tr. 24-24)

[2021-03-22 19:06:27 #2 store] 
Database 'C:\Users\xabiu\OneDrive\Ordenagailua\2.Iterazioa\2iterazio\src\main\resources\bets.temp' is opened by 18916@LAPTOP-1MIN6PMA

[2021-03-22 19:06:27 #3 type] 
Type domain.Question is not enhanced.

[2021-03-22 19:06:27 #4 type] 
Type domain.Event is not enhanced.

[2021-03-22 19:06:27 #5 type] 
Type domain.Erabiltzailea is not enhanced.

[2021-03-22 19:06:27 #6 type] 
Type domain.Admin is not enhanced.

[2021-03-22 19:06:27 #7 type] 
Type domain.Erregistratua is not enhanced.

