------------------------------------------------------------------------------------------------------------------------

[2021-03-20 12:19:55 #1 store] 
Database 'C:\Users\xabiu\OneDrive\Ordenagailua\2.Iterazioa\2iterazio\src\main\resources\bets.temp' is opened by 15272@LAPTOP-1MIN6PMA

[2021-03-20 12:19:55 #2 type] 
Type domain.Question is not enhanced.

[2021-03-20 12:19:55 #3 type] 
Type domain.Event is not enhanced.

[2021-03-20 12:19:55 #4 type] 
Type domain.Erabiltzailea is not enhanced.

[2021-03-20 12:19:55 #5 type] 
Type domain.Admin is not enhanced.

------------------------------------------------------------------------------------------------------------------------

[2021-03-20 13:18:58 #1 store] 
Database 'C:\Users\xabiu\OneDrive\Ordenagailua\2.Iterazioa\2iterazio\src\main\resources\bets.temp' is opened by 17832@LAPTOP-1MIN6PMA

[2021-03-20 13:18:58 #2 type] 
Type domain.Question is not enhanced.

[2021-03-20 13:18:58 #3 type] 
Type domain.Event is not enhanced.

[2021-03-20 13:18:58 #4 type] 
Type domain.Erabiltzailea is not enhanced.

[2021-03-20 13:18:58 #5 type] 
Type domain.Admin is not enhanced.

------------------------------------------------------------------------------------------------------------------------

[2021-03-20 14:08:39 #1 store] 
Database 'C:\Users\xabiu\OneDrive\Ordenagailua\2.Iterazioa\2iterazio\src\main\resources\bets.temp' has been recovered (tr. 9-9)

[2021-03-20 14:08:39 #2 store] 
Database 'C:\Users\xabiu\OneDrive\Ordenagailua\2.Iterazioa\2iterazio\src\main\resources\bets.temp' is opened by 4556@LAPTOP-1MIN6PMA

[2021-03-20 14:08:39 #3 type] 
Type domain.Question is not enhanced.

[2021-03-20 14:08:39 #4 type] 
Type domain.Event is not enhanced.

[2021-03-20 14:08:39 #5 type] 
Type domain.Erabiltzailea is not enhanced.

[2021-03-20 14:08:39 #6 type] 
Type domain.Admin is not enhanced.

[2021-03-20 14:08:57 #7 type.registry] 
New type domain.Erregistratua

[2021-03-20 14:08:57 #8 type] 
Type domain.Erregistratua is not enhanced.

------------------------------------------------------------------------------------------------------------------------

[2021-03-20 14:20:00 #1 store] 
Database 'C:\Users\xabiu\OneDrive\Ordenagailua\2.Iterazioa\2iterazio\src\main\resources\bets.temp' has been recovered (tr. 10-11)

[2021-03-20 14:20:01 #2 store] 
Database 'C:\Users\xabiu\OneDrive\Ordenagailua\2.Iterazioa\2iterazio\src\main\resources\bets.temp' is opened by 11972@LAPTOP-1MIN6PMA

[2021-03-20 14:20:01 #3 type] 
Type domain.Question is not enhanced.

[2021-03-20 14:20:01 #4 type] 
Type domain.Event is not enhanced.

[2021-03-20 14:20:01 #5 type] 
Type domain.Erabiltzailea is not enhanced.

[2021-03-20 14:20:01 #6 type] 
Type domain.Admin is not enhanced.

[2021-03-20 14:20:01 #7 type] 
Type domain.Erregistratua is not enhanced.

------------------------------------------------------------------------------------------------------------------------

[2021-03-20 16:35:56 #1 store] 
Database 'C:\Users\xabiu\OneDrive\Ordenagailua\2.Iterazioa\2iterazio\src\main\resources\bets.temp' is opened by 12576@LAPTOP-1MIN6PMA

[2021-03-20 16:35:57 #2 type] 
Type domain.Question is not enhanced.

[2021-03-20 16:35:57 #3 type] 
Type domain.Event is not enhanced.

[2021-03-20 16:35:57 #4 type] 
Type domain.Erabiltzailea is not enhanced.

[2021-03-20 16:35:57 #5 type] 
Type domain.Admin is not enhanced.

[2021-03-20 16:35:57 #6 type] 
Type domain.Erregistratua is not enhanced.

------------------------------------------------------------------------------------------------------------------------

[2021-03-20 16:38:16 #1 store] 
Database 'C:\Users\xabiu\OneDrive\Ordenagailua\2.Iterazioa\2iterazio\src\main\resources\bets.temp' is opened by 19724@LAPTOP-1MIN6PMA

[2021-03-20 16:38:16 #2 type] 
Type domain.Question is not enhanced.

[2021-03-20 16:38:16 #3 type] 
Type domain.Event is not enhanced.

[2021-03-20 16:38:16 #4 type] 
Type domain.Erabiltzailea is not enhanced.

[2021-03-20 16:38:16 #5 type] 
Type domain.Admin is not enhanced.

[2021-03-20 16:38:16 #6 type] 
Type domain.Erregistratua is not enhanced.

------------------------------------------------------------------------------------------------------------------------

[2021-03-20 17:21:46 #1 store] 
Database 'C:\Users\xabiu\OneDrive\Ordenagailua\2.Iterazioa\2iterazio\src\main\resources\bets.temp' is opened by 1644@LAPTOP-1MIN6PMA

[2021-03-20 17:21:46 #2 type] 
Type domain.Question is not enhanced.

[2021-03-20 17:21:46 #3 type] 
Type domain.Event is not enhanced.

[2021-03-20 17:21:46 #4 type] 
Type domain.Erabiltzailea is not enhanced.

[2021-03-20 17:21:46 #5 type] 
Type domain.Admin is not enhanced.

[2021-03-20 17:21:46 #6 type] 
Type domain.Erregistratua is not enhanced.

------------------------------------------------------------------------------------------------------------------------

[2021-03-20 17:22:09 #1 store] 
Database 'C:\Users\xabiu\OneDrive\Ordenagailua\2.Iterazioa\2iterazio\src\main\resources\bets.temp' is opened by 11944@LAPTOP-1MIN6PMA

[2021-03-20 17:22:09 #2 type] 
Type domain.Question is not enhanced.

[2021-03-20 17:22:09 #3 type] 
Type domain.Event is not enhanced.

[2021-03-20 17:22:09 #4 type] 
Type domain.Erabiltzailea is not enhanced.

[2021-03-20 17:22:09 #5 type] 
Type domain.Admin is not enhanced.

[2021-03-20 17:22:09 #6 type] 
Type domain.Erregistratua is not enhanced.

------------------------------------------------------------------------------------------------------------------------

[2021-03-20 20:01:41 #1 store] 
Database 'C:\Users\xabiu\OneDrive\Ordenagailua\2.Iterazioa\2iterazio\src\main\resources\bets.temp' is opened by 18376@LAPTOP-1MIN6PMA

[2021-03-20 20:01:41 #2 type] 
Type domain.Question is not enhanced.

[2021-03-20 20:01:41 #3 type] 
Type domain.Event is not enhanced.

[2021-03-20 20:01:41 #4 type] 
Type domain.Erabiltzailea is not enhanced.

[2021-03-20 20:01:41 #5 type] 
Type domain.Admin is not enhanced.

[2021-03-20 20:01:41 #6 type] 
Type domain.Erregistratua is not enhanced.

------------------------------------------------------------------------------------------------------------------------

[2021-03-20 20:03:31 #1 store] 
Database 'C:\Users\xabiu\OneDrive\Ordenagailua\2.Iterazioa\2iterazio\src\main\resources\bets.temp' is opened by 584@LAPTOP-1MIN6PMA

[2021-03-20 20:03:32 #2 type] 
Type domain.Question is not enhanced.

[2021-03-20 20:03:32 #3 type] 
Type domain.Event is not enhanced.

[2021-03-20 20:03:32 #4 type] 
Type domain.Erabiltzailea is not enhanced.

[2021-03-20 20:03:32 #5 type] 
Type domain.Admin is not enhanced.

[2021-03-20 20:03:32 #6 type] 
Type domain.Erregistratua is not enhanced.

------------------------------------------------------------------------------------------------------------------------

[2021-03-20 20:05:49 #1 store] 
Database 'C:\Users\xabiu\OneDrive\Ordenagailua\2.Iterazioa\2iterazio\src\main\resources\bets.temp' is opened by 4972@LAPTOP-1MIN6PMA

[2021-03-20 20:05:50 #2 type] 
Type domain.Question is not enhanced.

[2021-03-20 20:05:50 #3 type] 
Type domain.Event is not enhanced.

[2021-03-20 20:05:50 #4 type] 
Type domain.Erabiltzailea is not enhanced.

[2021-03-20 20:05:50 #5 type] 
Type domain.Admin is not enhanced.

[2021-03-20 20:05:50 #6 type] 
Type domain.Erregistratua is not enhanced.

------------------------------------------------------------------------------------------------------------------------

[2021-03-20 20:13:56 #1 store] 
Database 'C:\Users\xabiu\OneDrive\Ordenagailua\2.Iterazioa\2iterazio\src\main\resources\bets.temp' is opened by 5676@LAPTOP-1MIN6PMA

[2021-03-20 20:13:57 #2 type] 
Type domain.Question is not enhanced.

[2021-03-20 20:13:57 #3 type] 
Type domain.Event is not enhanced.

[2021-03-20 20:13:57 #4 type] 
Type domain.Erabiltzailea is not enhanced.

[2021-03-20 20:13:57 #5 type] 
Type domain.Admin is not enhanced.

[2021-03-20 20:13:57 #6 type] 
Type domain.Erregistratua is not enhanced.

------------------------------------------------------------------------------------------------------------------------

[2021-03-20 20:15:58 #1 store] 
Database 'C:\Users\xabiu\OneDrive\Ordenagailua\2.Iterazioa\2iterazio\src\main\resources\bets.temp' is opened by 16884@LAPTOP-1MIN6PMA

[2021-03-20 20:15:58 #2 type] 
Type domain.Question is not enhanced.

[2021-03-20 20:15:58 #3 type] 
Type domain.Event is not enhanced.

[2021-03-20 20:15:58 #4 type] 
Type domain.Erabiltzailea is not enhanced.

[2021-03-20 20:15:58 #5 type] 
Type domain.Admin is not enhanced.

[2021-03-20 20:15:58 #6 type] 
Type domain.Erregistratua is not enhanced.

------------------------------------------------------------------------------------------------------------------------

[2021-03-20 20:45:50 #1 store] 
Database 'C:\Users\xabiu\OneDrive\Ordenagailua\2.Iterazioa\2iterazio\src\main\resources\bets.temp' is opened by 21856@LAPTOP-1MIN6PMA

[2021-03-20 20:45:50 #2 type] 
Type domain.Question is not enhanced.

[2021-03-20 20:45:50 #3 type] 
Type domain.Event is not enhanced.

[2021-03-20 20:45:50 #4 type] 
Type domain.Erabiltzailea is not enhanced.

[2021-03-20 20:45:50 #5 type] 
Type domain.Admin is not enhanced.

[2021-03-20 20:45:50 #6 type] 
Type domain.Erregistratua is not enhanced.

------------------------------------------------------------------------------------------------------------------------

[2021-03-20 20:48:59 #1 store] 
Database 'C:\Users\xabiu\OneDrive\Ordenagailua\2.Iterazioa\2iterazio\src\main\resources\bets.temp' is opened by 1788@LAPTOP-1MIN6PMA

[2021-03-20 20:48:59 #2 type] 
Type domain.Question is not enhanced.

[2021-03-20 20:48:59 #3 type] 
Type domain.Event is not enhanced.

[2021-03-20 20:48:59 #4 type] 
Type domain.Erabiltzailea is not enhanced.

[2021-03-20 20:48:59 #5 type] 
Type domain.Admin is not enhanced.

[2021-03-20 20:48:59 #6 type] 
Type domain.Erregistratua is not enhanced.

------------------------------------------------------------------------------------------------------------------------

[2021-03-20 20:53:34 #1 store] 
Database 'C:\Users\xabiu\OneDrive\Ordenagailua\2.Iterazioa\2iterazio\src\main\resources\bets.temp' is opened by 21288@LAPTOP-1MIN6PMA

[2021-03-20 20:53:34 #2 type] 
Type domain.Question is not enhanced.

[2021-03-20 20:53:34 #3 type] 
Type domain.Event is not enhanced.

[2021-03-20 20:53:34 #4 type] 
Type domain.Erabiltzailea is not enhanced.

[2021-03-20 20:53:34 #5 type] 
Type domain.Admin is not enhanced.

[2021-03-20 20:53:34 #6 type] 
Type domain.Erregistratua is not enhanced.

------------------------------------------------------------------------------------------------------------------------

[2021-03-20 20:57:28 #1 store] 
Database 'C:\Users\xabiu\OneDrive\Ordenagailua\2.Iterazioa\2iterazio\src\main\resources\bets.temp' is opened by 944@LAPTOP-1MIN6PMA

[2021-03-20 20:57:29 #2 type] 
Type domain.Question is not enhanced.

[2021-03-20 20:57:29 #3 type] 
Type domain.Event is not enhanced.

[2021-03-20 20:57:29 #4 type] 
Type domain.Erabiltzailea is not enhanced.

[2021-03-20 20:57:29 #5 type] 
Type domain.Admin is not enhanced.

[2021-03-20 20:57:29 #6 type] 
Type domain.Erregistratua is not enhanced.

------------------------------------------------------------------------------------------------------------------------

[2021-03-20 20:59:45 #1 store] 
Database 'C:\Users\xabiu\OneDrive\Ordenagailua\2.Iterazioa\2iterazio\src\main\resources\bets.temp' is opened by 13060@LAPTOP-1MIN6PMA

[2021-03-20 20:59:45 #2 type] 
Type domain.Question is not enhanced.

[2021-03-20 20:59:45 #3 type] 
Type domain.Event is not enhanced.

[2021-03-20 20:59:45 #4 type] 
Type domain.Erabiltzailea is not enhanced.

[2021-03-20 20:59:45 #5 type] 
Type domain.Admin is not enhanced.

[2021-03-20 20:59:45 #6 type] 
Type domain.Erregistratua is not enhanced.

------------------------------------------------------------------------------------------------------------------------

[2021-03-20 21:06:19 #1 store] 
Database 'C:\Users\xabiu\OneDrive\Ordenagailua\2.Iterazioa\2iterazio\src\main\resources\bets.temp' is opened by 14012@LAPTOP-1MIN6PMA

[2021-03-20 21:06:19 #2 type] 
Type domain.Question is not enhanced.

[2021-03-20 21:06:19 #3 type] 
Type domain.Event is not enhanced.

[2021-03-20 21:06:19 #4 type] 
Type domain.Erabiltzailea is not enhanced.

[2021-03-20 21:06:19 #5 type] 
Type domain.Admin is not enhanced.

[2021-03-20 21:06:19 #6 type] 
Type domain.Erregistratua is not enhanced.

------------------------------------------------------------------------------------------------------------------------

[2021-03-20 21:07:45 #1 store] 
Database 'C:\Users\xabiu\OneDrive\Ordenagailua\2.Iterazioa\2iterazio\src\main\resources\bets.temp' has been recovered (tr. 17-17)

[2021-03-20 21:07:45 #2 store] 
Database 'C:\Users\xabiu\OneDrive\Ordenagailua\2.Iterazioa\2iterazio\src\main\resources\bets.temp' is opened by 12180@LAPTOP-1MIN6PMA

[2021-03-20 21:07:45 #3 type] 
Type domain.Question is not enhanced.

[2021-03-20 21:07:45 #4 type] 
Type domain.Event is not enhanced.

[2021-03-20 21:07:45 #5 type] 
Type domain.Erabiltzailea is not enhanced.

[2021-03-20 21:07:45 #6 type] 
Type domain.Admin is not enhanced.

[2021-03-20 21:07:45 #7 type] 
Type domain.Erregistratua is not enhanced.

------------------------------------------------------------------------------------------------------------------------

[2021-03-20 21:15:36 #1 store] 
Database 'C:\Users\xabiu\OneDrive\Ordenagailua\2.Iterazioa\2iterazio\src\main\resources\bets.temp' has been recovered (tr. 18-18)

[2021-03-20 21:15:36 #2 store] 
Database 'C:\Users\xabiu\OneDrive\Ordenagailua\2.Iterazioa\2iterazio\src\main\resources\bets.temp' is opened by 3524@LAPTOP-1MIN6PMA

[2021-03-20 21:15:37 #3 type] 
Type domain.Question is not enhanced.

[2021-03-20 21:15:37 #4 type] 
Type domain.Event is not enhanced.

[2021-03-20 21:15:37 #5 type] 
Type domain.Erabiltzailea is not enhanced.

[2021-03-20 21:15:37 #6 type] 
Type domain.Admin is not enhanced.

[2021-03-20 21:15:37 #7 type] 
Type domain.Erregistratua is not enhanced.

