------------------------------------------------------------------------------------------------------------------------

[2021-02-27 16:57:33 #1 store] 
Database 'C:\Users\xabiu\OneDrive\Ordenagailua\Bets21-master\Bets21-master\src\main\resources\bets.temp' has been recovered (tr. 1-5)

[2021-02-27 16:57:33 #2 store] 
Database 'C:\Users\xabiu\OneDrive\Ordenagailua\Bets21-master\Bets21-master\src\main\resources\bets.temp' is opened by 26232@LAPTOP-1MIN6PMA

[2021-02-27 16:57:34 #3 type] 
Type domain.Question is not enhanced.

[2021-02-27 16:57:34 #4 type] 
Type domain.Event is not enhanced.

[2021-02-27 16:57:34 #5 type.registry] 
New type domain.Erabiltzailea

[2021-02-27 16:57:34 #6 type] 
Type domain.Erabiltzailea is not enhanced.

------------------------------------------------------------------------------------------------------------------------

[2021-02-27 17:11:43 #1 store] 
Database 'C:\Users\xabiu\OneDrive\Ordenagailua\Bets21-master\Bets21-master\src\main\resources\bets.temp' has been recovered (tr. 6-6)

[2021-02-27 17:11:43 #2 store] 
Database 'C:\Users\xabiu\OneDrive\Ordenagailua\Bets21-master\Bets21-master\src\main\resources\bets.temp' is opened by 16988@LAPTOP-1MIN6PMA

[2021-02-27 17:11:43 #3 type] 
Type domain.Question is not enhanced.

[2021-02-27 17:11:43 #4 type] 
Type domain.Event is not enhanced.

[2021-02-27 17:11:43 #5 type] 
Type domain.Erabiltzailea is not enhanced.

------------------------------------------------------------------------------------------------------------------------

[2021-02-27 17:25:43 #1 store] 
Database 'C:\Users\xabiu\OneDrive\Ordenagailua\Bets21-master\Bets21-master\src\main\resources\bets.temp' is opened by 24452@LAPTOP-1MIN6PMA

[2021-02-27 17:25:43 #2 type] 
Type domain.Question is not enhanced.

[2021-02-27 17:25:43 #3 type] 
Type domain.Event is not enhanced.

[2021-02-27 17:25:43 #4 type] 
Type domain.Erabiltzailea is not enhanced.

[2021-02-27 17:25:43 #5 type.registry] 
New type domain.Erregistratua

[2021-02-27 17:25:43 #6 type] 
Type domain.Erregistratua is not enhanced.

------------------------------------------------------------------------------------------------------------------------

[2021-02-27 17:34:27 #1 store] 
Database 'C:\Users\xabiu\OneDrive\Ordenagailua\Bets21-master\Bets21-master\src\main\resources\bets.temp' has been recovered (tr. 8-9)

[2021-02-27 17:34:27 #2 store] 
Database 'C:\Users\xabiu\OneDrive\Ordenagailua\Bets21-master\Bets21-master\src\main\resources\bets.temp' is opened by 23376@LAPTOP-1MIN6PMA

[2021-02-27 17:34:27 #3 type] 
Type domain.Question is not enhanced.

[2021-02-27 17:34:27 #4 type] 
Type domain.Event is not enhanced.

[2021-02-27 17:34:27 #5 type] 
Type domain.Erabiltzailea is not enhanced.

[2021-02-27 17:34:27 #6 type] 
Type domain.Erregistratua is not enhanced.

