------------------------------------------------------------------------------------------------------------------------

[2021-05-10 23:23:43 #1 store] 
Database 'C:\Users\Mikel\Desktop\UPV\SI\3.Iterazioa-main\src\main\resources\bets.temp' is opened by 18412@MIKELPC

[2021-05-10 23:23:43 #2 type] 
Type domain.Question is not enhanced.

[2021-05-10 23:23:43 #3 type] 
Type domain.Event is not enhanced.

[2021-05-10 23:23:43 #4 type] 
Type domain.Erabiltzailea is not enhanced.

[2021-05-10 23:23:43 #5 type] 
Type domain.Admin is not enhanced.

[2021-05-10 23:23:43 #6 type] 
Type domain.Erregistratua is not enhanced.

[2021-05-10 23:23:43 #7 type] 
Type domain.Pronostikoa is not enhanced.

[2021-05-10 23:23:43 #8 type] 
Type domain.Apustua is not enhanced.

[2021-05-10 23:23:43 #9 type] 
Type domain.ApostuAnitza is not enhanced.

------------------------------------------------------------------------------------------------------------------------

[2021-05-10 23:24:25 #1 store] 
Database 'C:\Users\Mikel\Desktop\UPV\SI\3.Iterazioa-main\src\main\resources\bets.temp' is opened by 7800@MIKELPC

[2021-05-10 23:24:25 #2 type] 
Type domain.Question is not enhanced.

[2021-05-10 23:24:25 #3 type] 
Type domain.Event is not enhanced.

[2021-05-10 23:24:25 #4 type] 
Type domain.Erabiltzailea is not enhanced.

[2021-05-10 23:24:25 #5 type] 
Type domain.Admin is not enhanced.

[2021-05-10 23:24:25 #6 type] 
Type domain.Erregistratua is not enhanced.

[2021-05-10 23:24:25 #7 type] 
Type domain.Pronostikoa is not enhanced.

[2021-05-10 23:24:25 #8 type] 
Type domain.Apustua is not enhanced.

[2021-05-10 23:24:25 #9 type] 
Type domain.ApostuAnitza is not enhanced.

------------------------------------------------------------------------------------------------------------------------

[2021-05-10 23:42:21 #1 store] 
Database 'C:\Users\Mikel\Desktop\UPV\SI\3.Iterazioa-main\src\main\resources\bets.temp' is opened by 18212@MIKELPC

[2021-05-10 23:42:22 #2 type] 
Type domain.Question is not enhanced.

[2021-05-10 23:42:22 #3 type] 
Type domain.Event is not enhanced.

[2021-05-10 23:42:22 #4 type] 
Type domain.Erabiltzailea is not enhanced.

[2021-05-10 23:42:22 #5 type] 
Type domain.Admin is not enhanced.

[2021-05-10 23:42:22 #6 type] 
Type domain.Erregistratua is not enhanced.

[2021-05-10 23:42:22 #7 type] 
Type domain.Pronostikoa is not enhanced.

[2021-05-10 23:42:22 #8 type] 
Type domain.Apustua is not enhanced.

[2021-05-10 23:42:22 #9 type] 
Type domain.ApostuAnitza is not enhanced.

------------------------------------------------------------------------------------------------------------------------

[2021-05-10 23:46:36 #1 store] 
Database 'C:\Users\Mikel\Desktop\UPV\SI\3.Iterazioa-main\src\main\resources\bets.temp' is opened by 10752@MIKELPC

[2021-05-10 23:46:36 #2 type] 
Type domain.Question is not enhanced.

[2021-05-10 23:46:36 #3 type] 
Type domain.Event is not enhanced.

[2021-05-10 23:46:36 #4 type] 
Type domain.Erabiltzailea is not enhanced.

[2021-05-10 23:46:36 #5 type] 
Type domain.Admin is not enhanced.

[2021-05-10 23:46:36 #6 type] 
Type domain.Erregistratua is not enhanced.

[2021-05-10 23:46:36 #7 type] 
Type domain.Pronostikoa is not enhanced.

[2021-05-10 23:46:36 #8 type] 
Type domain.Apustua is not enhanced.

[2021-05-10 23:46:36 #9 type] 
Type domain.ApostuAnitza is not enhanced.

------------------------------------------------------------------------------------------------------------------------

[2021-05-10 23:48:28 #1 store] 
Database 'C:\Users\Mikel\Desktop\UPV\SI\3.Iterazioa-main\src\main\resources\bets.temp' is opened by 16452@MIKELPC

[2021-05-10 23:48:28 #2 type] 
Type domain.Question is not enhanced.

[2021-05-10 23:48:28 #3 type] 
Type domain.Event is not enhanced.

[2021-05-10 23:48:28 #4 type] 
Type domain.Erabiltzailea is not enhanced.

[2021-05-10 23:48:28 #5 type] 
Type domain.Admin is not enhanced.

[2021-05-10 23:48:28 #6 type] 
Type domain.Erregistratua is not enhanced.

[2021-05-10 23:48:28 #7 type] 
Type domain.Pronostikoa is not enhanced.

[2021-05-10 23:48:28 #8 type] 
Type domain.Apustua is not enhanced.

[2021-05-10 23:48:28 #9 type] 
Type domain.ApostuAnitza is not enhanced.

------------------------------------------------------------------------------------------------------------------------

[2021-05-10 23:48:58 #1 store] 
Database 'C:\Users\Mikel\Desktop\UPV\SI\3.Iterazioa-main\src\main\resources\bets.temp' is opened by 15092@MIKELPC

[2021-05-10 23:48:58 #2 type] 
Type domain.Question is not enhanced.

[2021-05-10 23:48:58 #3 type] 
Type domain.Event is not enhanced.

[2021-05-10 23:48:58 #4 type] 
Type domain.Erabiltzailea is not enhanced.

[2021-05-10 23:48:58 #5 type] 
Type domain.Admin is not enhanced.

[2021-05-10 23:48:58 #6 type] 
Type domain.Erregistratua is not enhanced.

[2021-05-10 23:48:58 #7 type] 
Type domain.Pronostikoa is not enhanced.

[2021-05-10 23:48:58 #8 type] 
Type domain.Apustua is not enhanced.

[2021-05-10 23:48:58 #9 type] 
Type domain.ApostuAnitza is not enhanced.

------------------------------------------------------------------------------------------------------------------------

[2021-05-10 23:55:07 #1 store] 
Database 'C:\Users\Mikel\Desktop\UPV\SI\3.Iterazioa-main\src\main\resources\bets.temp' is opened by 13564@MIKELPC

[2021-05-10 23:55:07 #2 type] 
Type domain.Question is not enhanced.

[2021-05-10 23:55:07 #3 type] 
Type domain.Event is not enhanced.

[2021-05-10 23:55:07 #4 type] 
Type domain.Erabiltzailea is not enhanced.

[2021-05-10 23:55:07 #5 type] 
Type domain.Admin is not enhanced.

[2021-05-10 23:55:07 #6 type] 
Type domain.Erregistratua is not enhanced.

[2021-05-10 23:55:07 #7 type] 
Type domain.Pronostikoa is not enhanced.

[2021-05-10 23:55:07 #8 type] 
Type domain.Apustua is not enhanced.

[2021-05-10 23:55:07 #9 type] 
Type domain.ApostuAnitza is not enhanced.

------------------------------------------------------------------------------------------------------------------------

[2021-05-10 23:57:05 #1 store] 
Database 'C:\Users\Mikel\Desktop\UPV\SI\3.Iterazioa-main\src\main\resources\bets.temp' is opened by 13884@MIKELPC

[2021-05-10 23:57:05 #2 type] 
Type domain.Question is not enhanced.

[2021-05-10 23:57:05 #3 type] 
Type domain.Event is not enhanced.

[2021-05-10 23:57:05 #4 type] 
Type domain.Erabiltzailea is not enhanced.

[2021-05-10 23:57:05 #5 type] 
Type domain.Admin is not enhanced.

[2021-05-10 23:57:05 #6 type] 
Type domain.Erregistratua is not enhanced.

[2021-05-10 23:57:05 #7 type] 
Type domain.Pronostikoa is not enhanced.

[2021-05-10 23:57:05 #8 type] 
Type domain.Apustua is not enhanced.

[2021-05-10 23:57:05 #9 type] 
Type domain.ApostuAnitza is not enhanced.

------------------------------------------------------------------------------------------------------------------------

[2021-05-10 23:58:18 #1 store] 
Database 'C:\Users\Mikel\Desktop\UPV\SI\3.Iterazioa-main\src\main\resources\bets.temp' is opened by 2560@MIKELPC

[2021-05-10 23:58:18 #2 type] 
Type domain.Question is not enhanced.

[2021-05-10 23:58:18 #3 type] 
Type domain.Event is not enhanced.

[2021-05-10 23:58:18 #4 type] 
Type domain.Erabiltzailea is not enhanced.

[2021-05-10 23:58:18 #5 type] 
Type domain.Admin is not enhanced.

[2021-05-10 23:58:18 #6 type] 
Type domain.Erregistratua is not enhanced.

[2021-05-10 23:58:18 #7 type] 
Type domain.Pronostikoa is not enhanced.

[2021-05-10 23:58:18 #8 type] 
Type domain.Apustua is not enhanced.

[2021-05-10 23:58:18 #9 type] 
Type domain.ApostuAnitza is not enhanced.

