------------------------------------------------------------------------------------------------------------------------

[2021-04-05 19:10:18 #1 store] 
Database 'C:\Users\xabiu\OneDrive\Ordenagailua\2.Iterazioa\2iterazio\src\main\resources\bets.temp' is opened by 30556@LAPTOP-1MIN6PMA

[2021-04-05 19:10:18 #2 type] 
Type domain.Question is not enhanced.

[2021-04-05 19:10:18 #3 type] 
Type domain.Event is not enhanced.

[2021-04-05 19:10:18 #4 type] 
Type domain.Erabiltzailea is not enhanced.

[2021-04-05 19:10:18 #5 type] 
Type domain.Admin is not enhanced.

[2021-04-05 19:10:18 #6 type] 
Type domain.Erregistratua is not enhanced.

------------------------------------------------------------------------------------------------------------------------

[2021-04-05 19:13:57 #1 store] 
Database 'C:\Users\xabiu\OneDrive\Ordenagailua\2.Iterazioa\2iterazio\src\main\resources\bets.temp' is opened by 13716@LAPTOP-1MIN6PMA

[2021-04-05 19:13:57 #2 type] 
Type domain.Question is not enhanced.

[2021-04-05 19:13:57 #3 type] 
Type domain.Event is not enhanced.

[2021-04-05 19:13:57 #4 type] 
Type domain.Erabiltzailea is not enhanced.

[2021-04-05 19:13:57 #5 type] 
Type domain.Admin is not enhanced.

[2021-04-05 19:13:57 #6 type] 
Type domain.Erregistratua is not enhanced.

------------------------------------------------------------------------------------------------------------------------

[2021-04-05 19:15:39 #1 store] 
Database 'C:\Users\xabiu\OneDrive\Ordenagailua\2.Iterazioa\2iterazio\src\main\resources\bets.temp' is opened by 24472@LAPTOP-1MIN6PMA

[2021-04-05 19:15:40 #2 type] 
Type domain.Question is not enhanced.

[2021-04-05 19:15:40 #3 type] 
Type domain.Event is not enhanced.

[2021-04-05 19:15:40 #4 type] 
Type domain.Erabiltzailea is not enhanced.

[2021-04-05 19:15:40 #5 type] 
Type domain.Admin is not enhanced.

[2021-04-05 19:15:40 #6 type] 
Type domain.Erregistratua is not enhanced.

------------------------------------------------------------------------------------------------------------------------

[2021-04-05 19:15:58 #1 store] 
Database 'C:\Users\xabiu\OneDrive\Ordenagailua\2.Iterazioa\2iterazio\src\main\resources\bets.temp' is opened by 30384@LAPTOP-1MIN6PMA

[2021-04-05 19:15:58 #2 type] 
Type domain.Question is not enhanced.

[2021-04-05 19:15:58 #3 type] 
Type domain.Event is not enhanced.

[2021-04-05 19:15:58 #4 type] 
Type domain.Erabiltzailea is not enhanced.

[2021-04-05 19:15:58 #5 type] 
Type domain.Admin is not enhanced.

[2021-04-05 19:15:58 #6 type] 
Type domain.Erregistratua is not enhanced.

------------------------------------------------------------------------------------------------------------------------

[2021-04-05 19:19:04 #1 store] 
Database 'C:\Users\xabiu\OneDrive\Ordenagailua\2.Iterazioa\2iterazio\src\main\resources\bets.temp' is opened by 25904@LAPTOP-1MIN6PMA

[2021-04-05 19:19:04 #2 type] 
Type domain.Question is not enhanced.

[2021-04-05 19:19:04 #3 type] 
Type domain.Event is not enhanced.

[2021-04-05 19:19:04 #4 type] 
Type domain.Erabiltzailea is not enhanced.

[2021-04-05 19:19:04 #5 type] 
Type domain.Admin is not enhanced.

[2021-04-05 19:19:04 #6 type] 
Type domain.Erregistratua is not enhanced.

------------------------------------------------------------------------------------------------------------------------

[2021-04-05 19:21:45 #1 store] 
Database 'C:\Users\xabiu\OneDrive\Ordenagailua\2.Iterazioa\2iterazio\src\main\resources\bets.temp' is opened by 26388@LAPTOP-1MIN6PMA

[2021-04-05 19:21:45 #2 type] 
Type domain.Question is not enhanced.

[2021-04-05 19:21:45 #3 type] 
Type domain.Event is not enhanced.

[2021-04-05 19:21:45 #4 type] 
Type domain.Erabiltzailea is not enhanced.

[2021-04-05 19:21:45 #5 type] 
Type domain.Admin is not enhanced.

[2021-04-05 19:21:45 #6 type] 
Type domain.Erregistratua is not enhanced.

------------------------------------------------------------------------------------------------------------------------

[2021-04-05 19:24:28 #1 store] 
Database 'C:\Users\xabiu\OneDrive\Ordenagailua\2.Iterazioa\2iterazio\src\main\resources\bets.temp' is opened by 27000@LAPTOP-1MIN6PMA

[2021-04-05 19:24:28 #2 type] 
Type domain.Question is not enhanced.

[2021-04-05 19:24:28 #3 type] 
Type domain.Event is not enhanced.

[2021-04-05 19:24:28 #4 type] 
Type domain.Erabiltzailea is not enhanced.

[2021-04-05 19:24:28 #5 type] 
Type domain.Admin is not enhanced.

[2021-04-05 19:24:28 #6 type] 
Type domain.Erregistratua is not enhanced.

------------------------------------------------------------------------------------------------------------------------

[2021-04-05 19:27:05 #1 store] 
Database 'C:\Users\xabiu\OneDrive\Ordenagailua\2.Iterazioa\2iterazio\src\main\resources\bets.temp' is opened by 2756@LAPTOP-1MIN6PMA

[2021-04-05 19:27:05 #2 type] 
Type domain.Question is not enhanced.

[2021-04-05 19:27:05 #3 type] 
Type domain.Event is not enhanced.

[2021-04-05 19:27:05 #4 type] 
Type domain.Erabiltzailea is not enhanced.

[2021-04-05 19:27:05 #5 type] 
Type domain.Admin is not enhanced.

[2021-04-05 19:27:05 #6 type] 
Type domain.Erregistratua is not enhanced.

------------------------------------------------------------------------------------------------------------------------

[2021-04-05 20:49:53 #1 store] 
Database 'C:\Users\xabiu\OneDrive\Ordenagailua\2.Iterazioa\2iterazio\src\main\resources\bets.temp' is opened by 20612@LAPTOP-1MIN6PMA

[2021-04-05 20:49:53 #2 type] 
Type domain.Question is not enhanced.

[2021-04-05 20:49:53 #3 type] 
Type domain.Event is not enhanced.

[2021-04-05 20:49:53 #4 type] 
Type domain.Erabiltzailea is not enhanced.

[2021-04-05 20:49:53 #5 type] 
Type domain.Admin is not enhanced.

[2021-04-05 20:49:53 #6 type] 
Type domain.Erregistratua is not enhanced.

------------------------------------------------------------------------------------------------------------------------

[2021-04-05 21:11:06 #1 store] 
Database 'C:\Users\xabiu\OneDrive\Ordenagailua\2.Iterazioa\2iterazio\src\main\resources\bets.temp' is opened by 25244@LAPTOP-1MIN6PMA

[2021-04-05 21:11:06 #2 type] 
Type domain.Question is not enhanced.

[2021-04-05 21:11:06 #3 type] 
Type domain.Event is not enhanced.

[2021-04-05 21:11:06 #4 type] 
Type domain.Erabiltzailea is not enhanced.

[2021-04-05 21:11:06 #5 type] 
Type domain.Admin is not enhanced.

[2021-04-05 21:11:06 #6 type] 
Type domain.Erregistratua is not enhanced.

------------------------------------------------------------------------------------------------------------------------

[2021-04-05 21:12:38 #1 store] 
Database 'C:\Users\xabiu\OneDrive\Ordenagailua\2.Iterazioa\2iterazio\src\main\resources\bets.temp' is opened by 15820@LAPTOP-1MIN6PMA

[2021-04-05 21:12:38 #2 type] 
Type domain.Question is not enhanced.

[2021-04-05 21:12:38 #3 type] 
Type domain.Event is not enhanced.

[2021-04-05 21:12:38 #4 type] 
Type domain.Erabiltzailea is not enhanced.

[2021-04-05 21:12:38 #5 type] 
Type domain.Admin is not enhanced.

[2021-04-05 21:12:38 #6 type] 
Type domain.Erregistratua is not enhanced.

